2025-01-02T12:49:46.814+0900 [DEBUG] [org.gradle.launcher.daemon.bootstrap.DaemonMain] Assuming the daemon was started with following jvm opts: [-XX:MaxMetaspaceSize=384m, -XX:+HeapDumpOnOutOfMemoryError, -Xms256m, -Xmx512m, -Dfile.encoding=UTF-8, -Duser.country=KR, -Duser.language=ko, -Duser.variant]
2025-01-02T12:49:47.207+0900 [DEBUG] [org.gradle.internal.nativeintegration.services.NativeServices] Native-platform posix files integration is not available. Continuing with fallback.
2025-01-02T12:49:47.290+0900 [INFO] [org.gradle.launcher.daemon.server.Daemon] start() called on daemon - DefaultDaemonContext[uid=a498e196-6e70-46f6-8761-8b90cb625e7d,javaHome=C:\Program Files\Java\jdk-17,javaVersion=17,javaVendor=Oracle Corporation,daemonRegistryDir=C:\Users\taeyun\IdeaProjects\back4\gradle\daemon,pid=11028,idleTimeout=10800000,priority=NORMAL,applyInstrumentationAgent=true,nativeServicesMode=ENABLED,daemonOpts=-XX:MaxMetaspaceSize=384m,-XX:+HeapDumpOnOutOfMemoryError,-Xms256m,-Xmx512m,-Dfile.encoding=UTF-8,-Duser.country=KR,-Duser.language=ko,-Duser.variant]
2025-01-02T12:49:47.502+0900 [DEBUG] [org.gradle.internal.remote.internal.inet.InetAddresses] Adding IP addresses for network interface Software Loopback Interface 1
2025-01-02T12:49:47.506+0900 [DEBUG] [org.gradle.internal.remote.internal.inet.InetAddresses] Is this a loopback interface? true
2025-01-02T12:49:47.508+0900 [DEBUG] [org.gradle.internal.remote.internal.inet.InetAddresses] Adding loopback address /127.0.0.1
2025-01-02T12:49:47.508+0900 [DEBUG] [org.gradle.internal.remote.internal.inet.InetAddresses] Adding loopback address /0:0:0:0:0:0:0:1
2025-01-02T12:49:47.512+0900 [DEBUG] [org.gradle.internal.remote.internal.inet.InetAddresses] Adding IP addresses for network interface Microsoft 6to4 Adapter
2025-01-02T12:49:47.516+0900 [DEBUG] [org.gradle.internal.remote.internal.inet.InetAddresses] Is this a loopback interface? false
2025-01-02T12:49:47.516+0900 [DEBUG] [org.gradle.internal.remote.internal.inet.InetAddresses] Adding IP addresses for network interface WAN Miniport (Network Monitor)
2025-01-02T12:49:47.520+0900 [DEBUG] [org.gradle.internal.remote.internal.inet.InetAddresses] Is this a loopback interface? false
2025-01-02T12:49:47.521+0900 [DEBUG] [org.gradle.internal.remote.internal.inet.InetAddresses] Adding IP addresses for network interface Microsoft IP-HTTPS Platform Adapter
2025-01-02T12:49:47.525+0900 [DEBUG] [org.gradle.internal.remote.internal.inet.InetAddresses] Is this a loopback interface? false
2025-01-02T12:49:47.526+0900 [DEBUG] [org.gradle.internal.remote.internal.inet.InetAddresses] Adding IP addresses for network interface Microsoft Wi-Fi Direct Virtual Adapter #2
2025-01-02T12:49:47.531+0900 [DEBUG] [org.gradle.internal.remote.internal.inet.InetAddresses] Is this a loopback interface? false
2025-01-02T12:49:47.532+0900 [DEBUG] [org.gradle.internal.remote.internal.inet.InetAddresses] Adding remote address /fe80:0:0:0:c2f4:6b01:cb20:1b5d%wlan0
2025-01-02T12:49:47.532+0900 [DEBUG] [org.gradle.internal.remote.internal.inet.InetAddresses] Adding IP addresses for network interface WAN Miniport (PPTP)
2025-01-02T12:49:47.536+0900 [DEBUG] [org.gradle.internal.remote.internal.inet.InetAddresses] Is this a loopback interface? false
2025-01-02T12:49:47.537+0900 [DEBUG] [org.gradle.internal.remote.internal.inet.InetAddresses] Adding IP addresses for network interface WAN Miniport (IPv6)
2025-01-02T12:49:47.540+0900 [DEBUG] [org.gradle.internal.remote.internal.inet.InetAddresses] Is this a loopback interface? false
2025-01-02T12:49:47.541+0900 [DEBUG] [org.gradle.internal.remote.internal.inet.InetAddresses] Adding IP addresses for network interface WAN Miniport (L2TP)
2025-01-02T12:49:47.545+0900 [DEBUG] [org.gradle.internal.remote.internal.inet.InetAddresses] Is this a loopback interface? false
2025-01-02T12:49:47.545+0900 [DEBUG] [org.gradle.internal.remote.internal.inet.InetAddresses] Adding IP addresses for network interface Intel(R) Dual Band Wireless-AC 3160
2025-01-02T12:49:47.550+0900 [DEBUG] [org.gradle.internal.remote.internal.inet.InetAddresses] Is this a loopback interface? false
2025-01-02T12:49:47.550+0900 [DEBUG] [org.gradle.internal.remote.internal.inet.InetAddresses] Adding remote address /192.168.0.92
2025-01-02T12:49:47.551+0900 [DEBUG] [org.gradle.internal.remote.internal.inet.InetAddresses] Adding remote address /fe80:0:0:0:76a6:d5f5:8b5d:a6d2%wlan1
2025-01-02T12:49:47.551+0900 [DEBUG] [org.gradle.internal.remote.internal.inet.InetAddresses] Adding IP addresses for network interface Microsoft Teredo Tunneling Adapter
2025-01-02T12:49:47.555+0900 [DEBUG] [org.gradle.internal.remote.internal.inet.InetAddresses] Is this a loopback interface? false
2025-01-02T12:49:47.555+0900 [DEBUG] [org.gradle.internal.remote.internal.inet.InetAddresses] Adding IP addresses for network interface WAN Miniport (IP)
2025-01-02T12:49:47.558+0900 [DEBUG] [org.gradle.internal.remote.internal.inet.InetAddresses] Is this a loopback interface? false
2025-01-02T12:49:47.561+0900 [DEBUG] [org.gradle.internal.remote.internal.inet.InetAddresses] Adding IP addresses for network interface WAN Miniport (IKEv2)
2025-01-02T12:49:47.564+0900 [DEBUG] [org.gradle.internal.remote.internal.inet.InetAddresses] Is this a loopback interface? false
2025-01-02T12:49:47.565+0900 [DEBUG] [org.gradle.internal.remote.internal.inet.InetAddresses] Adding IP addresses for network interface Bluetooth Device (Personal Area Network)
2025-01-02T12:49:47.569+0900 [DEBUG] [org.gradle.internal.remote.internal.inet.InetAddresses] Is this a loopback interface? false
2025-01-02T12:49:47.569+0900 [DEBUG] [org.gradle.internal.remote.internal.inet.InetAddresses] Adding remote address /fe80:0:0:0:3199:4509:650e:e5d5%eth3
2025-01-02T12:49:47.570+0900 [DEBUG] [org.gradle.internal.remote.internal.inet.InetAddresses] Adding IP addresses for network interface WAN Miniport (SSTP)
2025-01-02T12:49:47.574+0900 [DEBUG] [org.gradle.internal.remote.internal.inet.InetAddresses] Is this a loopback interface? false
2025-01-02T12:49:47.574+0900 [DEBUG] [org.gradle.internal.remote.internal.inet.InetAddresses] Adding IP addresses for network interface Realtek PCIe GbE Family Controller
2025-01-02T12:49:47.579+0900 [DEBUG] [org.gradle.internal.remote.internal.inet.InetAddresses] Is this a loopback interface? false
2025-01-02T12:49:47.580+0900 [DEBUG] [org.gradle.internal.remote.internal.inet.InetAddresses] Adding remote address /fe80:0:0:0:cc6:c238:358b:2098%eth4
2025-01-02T12:49:47.580+0900 [DEBUG] [org.gradle.internal.remote.internal.inet.InetAddresses] Adding IP addresses for network interface Microsoft Kernel Debug Network Adapter
2025-01-02T12:49:47.584+0900 [DEBUG] [org.gradle.internal.remote.internal.inet.InetAddresses] Is this a loopback interface? false
2025-01-02T12:49:47.585+0900 [DEBUG] [org.gradle.internal.remote.internal.inet.InetAddresses] Adding IP addresses for network interface Microsoft Wi-Fi Direct Virtual Adapter
2025-01-02T12:49:47.589+0900 [DEBUG] [org.gradle.internal.remote.internal.inet.InetAddresses] Is this a loopback interface? false
2025-01-02T12:49:47.589+0900 [DEBUG] [org.gradle.internal.remote.internal.inet.InetAddresses] Adding remote address /fe80:0:0:0:c9d6:f6cf:a777:7b88%wlan2
2025-01-02T12:49:47.590+0900 [DEBUG] [org.gradle.internal.remote.internal.inet.InetAddresses] Adding IP addresses for network interface WAN Miniport (PPPOE)
2025-01-02T12:49:47.593+0900 [DEBUG] [org.gradle.internal.remote.internal.inet.InetAddresses] Is this a loopback interface? false
2025-01-02T12:49:47.594+0900 [DEBUG] [org.gradle.internal.remote.internal.inet.InetAddresses] Adding IP addresses for network interface Realtek PCIe GbE Family Controller-WFP Native MAC Layer LightWeight Filter-0000
2025-01-02T12:49:47.598+0900 [DEBUG] [org.gradle.internal.remote.internal.inet.InetAddresses] Is this a loopback interface? false
2025-01-02T12:49:47.598+0900 [DEBUG] [org.gradle.internal.remote.internal.inet.InetAddresses] Adding IP addresses for network interface Realtek PCIe GbE Family Controller-QoS Packet Scheduler-0000
2025-01-02T12:49:47.602+0900 [DEBUG] [org.gradle.internal.remote.internal.inet.InetAddresses] Is this a loopback interface? false
2025-01-02T12:49:47.602+0900 [DEBUG] [org.gradle.internal.remote.internal.inet.InetAddresses] Adding IP addresses for network interface Realtek PCIe GbE Family Controller-WFP 802.3 MAC Layer LightWeight Filter-0000
2025-01-02T12:49:47.607+0900 [DEBUG] [org.gradle.internal.remote.internal.inet.InetAddresses] Is this a loopback interface? false
2025-01-02T12:49:47.608+0900 [DEBUG] [org.gradle.internal.remote.internal.inet.InetAddresses] Adding IP addresses for network interface Intel(R) Dual Band Wireless-AC 3160-WFP Native MAC Layer LightWeight Filter-0000
2025-01-02T12:49:47.612+0900 [DEBUG] [org.gradle.internal.remote.internal.inet.InetAddresses] Is this a loopback interface? false
2025-01-02T12:49:47.612+0900 [DEBUG] [org.gradle.internal.remote.internal.inet.InetAddresses] Adding IP addresses for network interface Intel(R) Dual Band Wireless-AC 3160-Virtual WiFi Filter Driver-0000
2025-01-02T12:49:47.615+0900 [DEBUG] [org.gradle.internal.remote.internal.inet.InetAddresses] Is this a loopback interface? false
2025-01-02T12:49:47.615+0900 [DEBUG] [org.gradle.internal.remote.internal.inet.InetAddresses] Adding IP addresses for network interface Intel(R) Dual Band Wireless-AC 3160-Native WiFi Filter Driver-0000
2025-01-02T12:49:47.618+0900 [DEBUG] [org.gradle.internal.remote.internal.inet.InetAddresses] Is this a loopback interface? false
2025-01-02T12:49:47.619+0900 [DEBUG] [org.gradle.internal.remote.internal.inet.InetAddresses] Adding IP addresses for network interface Intel(R) Dual Band Wireless-AC 3160-QoS Packet Scheduler-0000
2025-01-02T12:49:47.622+0900 [DEBUG] [org.gradle.internal.remote.internal.inet.InetAddresses] Is this a loopback interface? false
2025-01-02T12:49:47.622+0900 [DEBUG] [org.gradle.internal.remote.internal.inet.InetAddresses] Adding IP addresses for network interface Intel(R) Dual Band Wireless-AC 3160-WFP 802.3 MAC Layer LightWeight Filter-0000
2025-01-02T12:49:47.625+0900 [DEBUG] [org.gradle.internal.remote.internal.inet.InetAddresses] Is this a loopback interface? false
2025-01-02T12:49:47.625+0900 [DEBUG] [org.gradle.internal.remote.internal.inet.InetAddresses] Adding IP addresses for network interface Microsoft Wi-Fi Direct Virtual Adapter-WFP Native MAC Layer LightWeight Filter-0000
2025-01-02T12:49:47.636+0900 [DEBUG] [org.gradle.internal.remote.internal.inet.InetAddresses] Is this a loopback interface? false
2025-01-02T12:49:47.637+0900 [DEBUG] [org.gradle.internal.remote.internal.inet.InetAddresses] Adding IP addresses for network interface Microsoft Wi-Fi Direct Virtual Adapter-Native WiFi Filter Driver-0000
2025-01-02T12:49:47.639+0900 [DEBUG] [org.gradle.internal.remote.internal.inet.InetAddresses] Is this a loopback interface? false
2025-01-02T12:49:47.639+0900 [DEBUG] [org.gradle.internal.remote.internal.inet.InetAddresses] Adding IP addresses for network interface Microsoft Wi-Fi Direct Virtual Adapter-QoS Packet Scheduler-0000
2025-01-02T12:49:47.643+0900 [DEBUG] [org.gradle.internal.remote.internal.inet.InetAddresses] Is this a loopback interface? false
2025-01-02T12:49:47.644+0900 [DEBUG] [org.gradle.internal.remote.internal.inet.InetAddresses] Adding IP addresses for network interface Microsoft Wi-Fi Direct Virtual Adapter-WFP 802.3 MAC Layer LightWeight Filter-0000
2025-01-02T12:49:47.647+0900 [DEBUG] [org.gradle.internal.remote.internal.inet.InetAddresses] Is this a loopback interface? false
2025-01-02T12:49:47.647+0900 [DEBUG] [org.gradle.internal.remote.internal.inet.InetAddresses] Adding IP addresses for network interface WAN Miniport (IP)-WFP Native MAC Layer LightWeight Filter-0000
2025-01-02T12:49:47.650+0900 [DEBUG] [org.gradle.internal.remote.internal.inet.InetAddresses] Is this a loopback interface? false
2025-01-02T12:49:47.651+0900 [DEBUG] [org.gradle.internal.remote.internal.inet.InetAddresses] Adding IP addresses for network interface WAN Miniport (IP)-QoS Packet Scheduler-0000
2025-01-02T12:49:47.654+0900 [DEBUG] [org.gradle.internal.remote.internal.inet.InetAddresses] Is this a loopback interface? false
2025-01-02T12:49:47.654+0900 [DEBUG] [org.gradle.internal.remote.internal.inet.InetAddresses] Adding IP addresses for network interface WAN Miniport (IPv6)-WFP Native MAC Layer LightWeight Filter-0000
2025-01-02T12:49:47.657+0900 [DEBUG] [org.gradle.internal.remote.internal.inet.InetAddresses] Is this a loopback interface? false
2025-01-02T12:49:47.657+0900 [DEBUG] [org.gradle.internal.remote.internal.inet.InetAddresses] Adding IP addresses for network interface WAN Miniport (IPv6)-QoS Packet Scheduler-0000
2025-01-02T12:49:47.661+0900 [DEBUG] [org.gradle.internal.remote.internal.inet.InetAddresses] Is this a loopback interface? false
2025-01-02T12:49:47.662+0900 [DEBUG] [org.gradle.internal.remote.internal.inet.InetAddresses] Adding IP addresses for network interface WAN Miniport (Network Monitor)-WFP Native MAC Layer LightWeight Filter-0000
2025-01-02T12:49:47.666+0900 [DEBUG] [org.gradle.internal.remote.internal.inet.InetAddresses] Is this a loopback interface? false
2025-01-02T12:49:47.668+0900 [DEBUG] [org.gradle.internal.remote.internal.inet.InetAddresses] Adding IP addresses for network interface WAN Miniport (Network Monitor)-QoS Packet Scheduler-0000
2025-01-02T12:49:47.671+0900 [DEBUG] [org.gradle.internal.remote.internal.inet.InetAddresses] Is this a loopback interface? false
2025-01-02T12:49:47.671+0900 [DEBUG] [org.gradle.internal.remote.internal.inet.InetAddresses] Adding IP addresses for network interface Microsoft Wi-Fi Direct Virtual Adapter #2-WFP Native MAC Layer LightWeight Filter-0000
2025-01-02T12:49:47.674+0900 [DEBUG] [org.gradle.internal.remote.internal.inet.InetAddresses] Is this a loopback interface? false
2025-01-02T12:49:47.674+0900 [DEBUG] [org.gradle.internal.remote.internal.inet.InetAddresses] Adding IP addresses for network interface Microsoft Wi-Fi Direct Virtual Adapter #2-Native WiFi Filter Driver-0000
2025-01-02T12:49:47.677+0900 [DEBUG] [org.gradle.internal.remote.internal.inet.InetAddresses] Is this a loopback interface? false
2025-01-02T12:49:47.678+0900 [DEBUG] [org.gradle.internal.remote.internal.inet.InetAddresses] Adding IP addresses for network interface Microsoft Wi-Fi Direct Virtual Adapter #2-QoS Packet Scheduler-0000
2025-01-02T12:49:47.681+0900 [DEBUG] [org.gradle.internal.remote.internal.inet.InetAddresses] Is this a loopback interface? false
2025-01-02T12:49:47.682+0900 [DEBUG] [org.gradle.internal.remote.internal.inet.InetAddresses] Adding IP addresses for network interface Microsoft Wi-Fi Direct Virtual Adapter #2-WFP 802.3 MAC Layer LightWeight Filter-0000
2025-01-02T12:49:47.686+0900 [DEBUG] [org.gradle.internal.remote.internal.inet.InetAddresses] Is this a loopback interface? false
2025-01-02T12:49:47.700+0900 [DEBUG] [org.gradle.internal.remote.internal.inet.TcpIncomingConnector] Listening on [538b78a7-fcaa-402f-a982-32994d29ccde port:50803, addresses:[localhost/127.0.0.1]].
2025-01-02T12:49:47.738+0900 [DEBUG] [org.gradle.launcher.daemon.server.Daemon] Daemon starting at: Thu Jan 02 12:49:47 KST 2025, with address: [538b78a7-fcaa-402f-a982-32994d29ccde port:50803, addresses:[localhost/127.0.0.1]]
2025-01-02T12:49:47.738+0900 [INFO] [org.gradle.launcher.daemon.server.DaemonRegistryUpdater] Advertising the daemon address to the clients: [538b78a7-fcaa-402f-a982-32994d29ccde port:50803, addresses:[localhost/127.0.0.1]]
2025-01-02T12:49:47.739+0900 [DEBUG] [org.gradle.launcher.daemon.server.DaemonRegistryUpdater] Advertised daemon context: DefaultDaemonContext[uid=a498e196-6e70-46f6-8761-8b90cb625e7d,javaHome=C:\Program Files\Java\jdk-17,javaVersion=17,javaVendor=Oracle Corporation,daemonRegistryDir=C:\Users\taeyun\IdeaProjects\back4\gradle\daemon,pid=11028,idleTimeout=10800000,priority=NORMAL,applyInstrumentationAgent=true,nativeServicesMode=ENABLED,daemonOpts=-XX:MaxMetaspaceSize=384m,-XX:+HeapDumpOnOutOfMemoryError,-Xms256m,-Xmx512m,-Dfile.encoding=UTF-8,-Duser.country=KR,-Duser.language=ko,-Duser.variant]
2025-01-02T12:49:47.741+0900 [DEBUG] [org.gradle.launcher.daemon.registry.PersistentDaemonRegistry] Storing daemon address: [538b78a7-fcaa-402f-a982-32994d29ccde port:50803, addresses:[localhost/127.0.0.1]], context: DefaultDaemonContext[uid=a498e196-6e70-46f6-8761-8b90cb625e7d,javaHome=C:\Program Files\Java\jdk-17,javaVersion=17,javaVendor=Oracle Corporation,daemonRegistryDir=C:\Users\taeyun\IdeaProjects\back4\gradle\daemon,pid=11028,idleTimeout=10800000,priority=NORMAL,applyInstrumentationAgent=true,nativeServicesMode=ENABLED,daemonOpts=-XX:MaxMetaspaceSize=384m,-XX:+HeapDumpOnOutOfMemoryError,-Xms256m,-Xmx512m,-Dfile.encoding=UTF-8,-Duser.country=KR,-Duser.language=ko,-Duser.variant]
2025-01-02T12:49:47.781+0900 [DEBUG] [org.gradle.cache.internal.DefaultFileLockManager] Waiting to acquire exclusive lock on daemon addresses registry.
2025-01-02T12:49:47.793+0900 [DEBUG] [org.gradle.cache.internal.DefaultFileLockManager] Lock acquired on daemon addresses registry.
2025-01-02T12:49:47.806+0900 [DEBUG] [org.gradle.cache.internal.DefaultFileLockManager] Releasing lock on daemon addresses registry.
2025-01-02T12:49:47.807+0900 [LIFECYCLE] [org.gradle.launcher.daemon.server.Daemon] Daemon server started.
2025-01-02T12:49:47.810+0900 [DEBUG] [org.gradle.launcher.daemon.bootstrap.DaemonStartupCommunication] Completed writing the daemon greeting. Closing streams...
2025-01-02T12:49:47.822+0900 [DEBUG] [org.gradle.internal.remote.internal.inet.TcpIncomingConnector] Accepted connection from /127.0.0.1:50804 to /127.0.0.1:50803.
2025-01-02T12:49:47.833+0900 [DEBUG] [org.gradle.launcher.daemon.server.Daemon] stopOnExpiration() called on daemon
2025-01-02T12:49:47.836+0900 [DEBUG] [org.gradle.launcher.daemon.server.Daemon] awaitExpiration() called on daemon
2025-01-02T12:49:47.837+0900 [DEBUG] [org.gradle.launcher.daemon.server.DaemonStateCoordinator] daemon is running. Sleeping until state changes.
2025-01-02T12:49:47.987+0900 [DEBUG] [org.gradle.launcher.daemon.server.SynchronizedDispatchConnection] thread 21: received class org.gradle.launcher.daemon.protocol.Build
2025-01-02T12:49:47.988+0900 [DEBUG] [org.gradle.launcher.daemon.server.DefaultDaemonConnection] thread 21: Received non-IO message from client: Build{id=482ea384-9afc-44b4-ae68-cc6c205e153c, currentDir=C:\Users\taeyun\IdeaProjects\back4}
2025-01-02T12:49:47.988+0900 [INFO] [org.gradle.launcher.daemon.server.DefaultIncomingConnectionHandler] Received command: Build{id=482ea384-9afc-44b4-ae68-cc6c205e153c, currentDir=C:\Users\taeyun\IdeaProjects\back4}.
2025-01-02T12:49:47.989+0900 [DEBUG] [org.gradle.launcher.daemon.server.DefaultIncomingConnectionHandler] Starting executing command: Build{id=482ea384-9afc-44b4-ae68-cc6c205e153c, currentDir=C:\Users\taeyun\IdeaProjects\back4} with connection: socket connection from /127.0.0.1:50803 to /127.0.0.1:50804.
2025-01-02T12:49:47.995+0900 [DEBUG] [org.gradle.launcher.daemon.server.DaemonStateCoordinator] Command execution: started DaemonCommandExecution[command = Build{id=482ea384-9afc-44b4-ae68-cc6c205e153c, currentDir=C:\Users\taeyun\IdeaProjects\back4}, connection = DefaultDaemonConnection: socket connection from /127.0.0.1:50803 to /127.0.0.1:50804] after 0.008766666666666667 minutes of idle
2025-01-02T12:49:47.996+0900 [INFO] [org.gradle.launcher.daemon.server.DaemonRegistryUpdater] Marking the daemon as busy, address: [538b78a7-fcaa-402f-a982-32994d29ccde port:50803, addresses:[localhost/127.0.0.1]]
2025-01-02T12:49:47.996+0900 [DEBUG] [org.gradle.launcher.daemon.registry.PersistentDaemonRegistry] Marking busy by address: [538b78a7-fcaa-402f-a982-32994d29ccde port:50803, addresses:[localhost/127.0.0.1]]
2025-01-02T12:49:47.999+0900 [DEBUG] [org.gradle.cache.internal.DefaultFileLockManager] Waiting to acquire exclusive lock on daemon addresses registry.
2025-01-02T12:49:48.000+0900 [DEBUG] [org.gradle.cache.internal.DefaultFileLockManager] Lock acquired on daemon addresses registry.
2025-01-02T12:49:48.016+0900 [DEBUG] [org.gradle.cache.internal.DefaultFileLockManager] Releasing lock on daemon addresses registry.
2025-01-02T12:49:48.018+0900 [DEBUG] [org.gradle.launcher.daemon.server.DaemonStateCoordinator] resetting idle timer
2025-01-02T12:49:48.019+0900 [DEBUG] [org.gradle.launcher.daemon.server.DaemonStateCoordinator] daemon is running. Sleeping until state changes.
2025-01-02T12:49:48.021+0900 [INFO] [org.gradle.launcher.daemon.server.exec.StartBuildOrRespondWithBusy] Daemon is about to start building Build{id=482ea384-9afc-44b4-ae68-cc6c205e153c, currentDir=C:\Users\taeyun\IdeaProjects\back4}. Dispatching build started information...
2025-01-02T12:49:48.022+0900 [DEBUG] [org.gradle.launcher.daemon.server.SynchronizedDispatchConnection] thread 23: dispatching org.gradle.launcher.daemon.protocol.BuildStarted@2f39afce
2025-01-02T12:49:48.027+0900 [DEBUG] [org.gradle.launcher.daemon.server.exec.EstablishBuildEnvironment] Configuring env variables: [USERDOMAIN_ROAMINGPROFILE, LOCALAPPDATA, PROCESSOR_LEVEL, IntelliJ IDEA, USERDOMAIN, LOGONSERVER, ALLUSERSPROFILE, PROCESSOR_ARCHITECTURE, PSModulePath, SystemDrive, OneDrive, APPDATA, USERNAME, ProgramFiles(x86), CommonProgramFiles, Path, PATHEXT, DriverData, OS, OneDriveConsumer, COMPUTERNAME, PROCESSOR_REVISION, CommonProgramW6432, ComSpec, ProgramData, ProgramW6432, TEMP, HOMEPATH, SystemRoot, PROCESSOR_IDENTIFIER, HOMEDRIVE, USERPROFILE, TMP, CommonProgramFiles(x86), ProgramFiles, PUBLIC, windir, NUMBER_OF_PROCESSORS]
2025-01-02T12:49:48.037+0900 [DEBUG] [org.gradle.launcher.daemon.server.exec.LogToClient] About to start relaying all logs to the client via the connection.
2025-01-02T12:49:48.037+0900 [INFO] [org.gradle.launcher.daemon.server.exec.LogToClient] The client will now receive all logging from the daemon (pid: 11028). The daemon log file: C:\Users\taeyun\IdeaProjects\back4\gradle\daemon\8.11.1\daemon-11028.out.log
2025-01-02T12:49:48.043+0900 [INFO] [org.gradle.launcher.daemon.server.exec.LogAndCheckHealth] Starting build in new daemon [memory: 512 MiB]
2025-01-02T12:49:48.049+0900 [DEBUG] [org.gradle.launcher.daemon.server.exec.ExecuteBuild] The daemon has started executing the build.
2025-01-02T12:49:48.049+0900 [DEBUG] [org.gradle.launcher.daemon.server.exec.ExecuteBuild] Executing build with daemon context: DefaultDaemonContext[uid=a498e196-6e70-46f6-8761-8b90cb625e7d,javaHome=C:\Program Files\Java\jdk-17,javaVersion=17,javaVendor=Oracle Corporation,daemonRegistryDir=C:\Users\taeyun\IdeaProjects\back4\gradle\daemon,pid=11028,idleTimeout=10800000,priority=NORMAL,applyInstrumentationAgent=true,nativeServicesMode=ENABLED,daemonOpts=-XX:MaxMetaspaceSize=384m,-XX:+HeapDumpOnOutOfMemoryError,-Xms256m,-Xmx512m,-Dfile.encoding=UTF-8,-Duser.country=KR,-Duser.language=ko,-Duser.variant]

BUILD SUCCESSFUL in 46s
2 actionable tasks: 1 executed, 1 up-to-date
2025-01-02T12:50:26.933+0900 [DEBUG] [org.gradle.launcher.daemon.server.exec.ExecuteBuild] The daemon has finished executing the build.
2025-01-02T12:50:26.937+0900 [DEBUG] [org.gradle.launcher.daemon.server.DaemonStateCoordinator] daemon is running. Sleeping until state changes.
2025-01-02T12:50:26.938+0900 [DEBUG] [org.gradle.launcher.daemon.server.DaemonStateCoordinator] Command execution: finished waiting for DaemonCommandExecution[command = Build{id=482ea384-9afc-44b4-ae68-cc6c205e153c, currentDir=C:\Users\taeyun\IdeaProjects\back4}, connection = DefaultDaemonConnection: socket connection from /127.0.0.1:50803 to /127.0.0.1:50804]. Result org.gradle.launcher.daemon.server.DaemonStateCoordinator@720f794a with state Busy
2025-01-02T12:50:26.939+0900 [DEBUG] [org.gradle.launcher.daemon.server.DaemonStateCoordinator] Command execution: completed DaemonCommandExecution[command = Build{id=482ea384-9afc-44b4-ae68-cc6c205e153c, currentDir=C:\Users\taeyun\IdeaProjects\back4}, connection = DefaultDaemonConnection: socket connection from /127.0.0.1:50803 to /127.0.0.1:50804]
2025-01-02T12:50:26.940+0900 [DEBUG] [org.gradle.launcher.daemon.server.DaemonStateCoordinator] resetting idle timer
2025-01-02T12:50:26.942+0900 [INFO] [org.gradle.launcher.daemon.server.DaemonRegistryUpdater] Marking the daemon as idle, address: [538b78a7-fcaa-402f-a982-32994d29ccde port:50803, addresses:[localhost/127.0.0.1]]
2025-01-02T12:50:26.942+0900 [DEBUG] [org.gradle.launcher.daemon.registry.PersistentDaemonRegistry] Marking busy by address: [538b78a7-fcaa-402f-a982-32994d29ccde port:50803, addresses:[localhost/127.0.0.1]]
2025-01-02T12:50:26.944+0900 [DEBUG] [org.gradle.cache.internal.DefaultFileLockManager] Waiting to acquire exclusive lock on daemon addresses registry.
2025-01-02T12:50:26.948+0900 [DEBUG] [org.gradle.cache.internal.DefaultFileLockManager] Lock acquired on daemon addresses registry.
2025-01-02T12:50:26.955+0900 [DEBUG] [org.gradle.cache.internal.DefaultFileLockManager] Releasing lock on daemon addresses registry.
2025-01-02T12:50:26.957+0900 [DEBUG] [org.gradle.launcher.daemon.server.DaemonStateCoordinator] daemon is running. Sleeping until state changes.
2025-01-02T12:50:27.006+0900 [DEBUG] [org.gradle.launcher.daemon.server.exec.ReturnResult] Daemon is dispatching the build result: Success[value=org.gradle.launcher.exec.BuildActionResult@66886a1e]
2025-01-02T12:50:27.008+0900 [DEBUG] [org.gradle.launcher.daemon.server.SynchronizedDispatchConnection] thread 20: dispatching Success[value=org.gradle.launcher.exec.BuildActionResult@66886a1e]
2025-01-02T12:50:27.011+0900 [DEBUG] [org.gradle.launcher.daemon.server.SynchronizedDispatchConnection] thread 21: received class org.gradle.launcher.daemon.protocol.CloseInput
2025-01-02T12:50:27.012+0900 [DEBUG] [org.gradle.launcher.daemon.server.DefaultDaemonConnection] thread 21: Received IO message from client: org.gradle.launcher.daemon.protocol.CloseInput@7f49e2c
2025-01-02T12:50:27.014+0900 [DEBUG] [org.gradle.launcher.daemon.server.SynchronizedDispatchConnection] thread 21: received class org.gradle.launcher.daemon.protocol.Finished
2025-01-02T12:50:27.015+0900 [DEBUG] [org.gradle.launcher.daemon.server.DefaultDaemonConnection] thread 21: Received non-IO message from client: org.gradle.launcher.daemon.protocol.Finished@6457ab35
2025-01-02T12:50:27.016+0900 [DEBUG] [org.gradle.internal.remote.internal.inet.SocketConnection] Discarding EOFException: java.io.EOFException
2025-01-02T12:50:27.016+0900 [DEBUG] [org.gradle.launcher.daemon.server.SynchronizedDispatchConnection] thread 21: received null
2025-01-02T12:50:27.016+0900 [DEBUG] [org.gradle.launcher.daemon.server.DefaultDaemonConnection] thread 21: Received end-of-input from client.
2025-01-02T12:50:27.053+0900 [DEBUG] [org.gradle.launcher.daemon.server.DefaultIncomingConnectionHandler] Finishing executing command: Build{id=482ea384-9afc-44b4-ae68-cc6c205e153c, currentDir=C:\Users\taeyun\IdeaProjects\back4}
2025-01-02T12:50:27.054+0900 [WARN] [org.gradle.launcher.daemon.server.DefaultIncomingConnectionHandler] Timed out waiting for finished message from client socket connection from /127.0.0.1:50803 to /127.0.0.1:50804. Discarding connection.
2025-01-02T12:50:27.054+0900 [DEBUG] [org.gradle.launcher.daemon.server.SynchronizedDispatchConnection] thread 20: stopping connection
2025-01-02T12:50:27.056+0900 [DEBUG] [org.gradle.launcher.daemon.server.SynchronizedDispatchConnection] thread 20: stopping connection
2025-01-02T12:50:27.102+0900 [DEBUG] [org.gradle.launcher.daemon.server.exec.CleanUpVirtualFileSystemAfterBuild] Cleaning virtual file system after build finished
2025-01-02T12:50:27.220+0900 [DEBUG] [org.gradle.process.internal.health.memory.DefaultMemoryManager] 850218188 physical memory requested, 484192256 free
2025-01-02T12:50:27.221+0900 [DEBUG] [org.gradle.workers.internal.WorkerDaemonExpiration] Will attempt to release 810 of memory
2025-01-02T12:50:27.224+0900 [DEBUG] [org.gradle.process.internal.health.memory.DefaultMemoryManager] 850218188 physical memory requested, 0 released, 484192256 free
2025-01-02T12:50:27.944+0900 [DEBUG] [org.gradle.cache.internal.DefaultFileLockManager] Waiting to acquire shared lock on daemon addresses registry.
2025-01-02T12:50:27.945+0900 [DEBUG] [org.gradle.cache.internal.DefaultFileLockManager] Lock acquired on daemon addresses registry.
2025-01-02T12:50:27.947+0900 [DEBUG] [org.gradle.cache.internal.DefaultFileLockManager] Releasing lock on daemon addresses registry.
2025-01-02T12:50:27.950+0900 [DEBUG] [org.gradle.cache.internal.DefaultFileLockManager] Waiting to acquire shared lock on daemon addresses registry.
2025-01-02T12:50:27.951+0900 [DEBUG] [org.gradle.cache.internal.DefaultFileLockManager] Lock acquired on daemon addresses registry.
2025-01-02T12:50:27.952+0900 [DEBUG] [org.gradle.cache.internal.DefaultFileLockManager] Releasing lock on daemon addresses registry.
2025-01-02T12:50:32.228+0900 [DEBUG] [org.gradle.process.internal.health.memory.DefaultMemoryManager] 850218188 physical memory requested, 560836608 free
2025-01-02T12:50:32.228+0900 [DEBUG] [org.gradle.workers.internal.WorkerDaemonExpiration] Will attempt to release 810 of memory
2025-01-02T12:50:32.228+0900 [DEBUG] [org.gradle.process.internal.health.memory.DefaultMemoryManager] 850218188 physical memory requested, 0 released, 560836608 free
2025-01-02T12:50:37.268+0900 [DEBUG] [org.gradle.process.internal.health.memory.DefaultMemoryManager] 850218188 physical memory requested, 550031360 free
2025-01-02T12:50:37.268+0900 [DEBUG] [org.gradle.workers.internal.WorkerDaemonExpiration] Will attempt to release 810 of memory
2025-01-02T12:50:37.268+0900 [DEBUG] [org.gradle.process.internal.health.memory.DefaultMemoryManager] 850218188 physical memory requested, 0 released, 550031360 free
2025-01-02T12:50:37.854+0900 [DEBUG] [org.gradle.cache.internal.DefaultFileLockManager] Waiting to acquire shared lock on daemon addresses registry.
2025-01-02T12:50:37.854+0900 [DEBUG] [org.gradle.cache.internal.DefaultFileLockManager] Lock acquired on daemon addresses registry.
2025-01-02T12:50:37.855+0900 [DEBUG] [org.gradle.cache.internal.DefaultFileLockManager] Releasing lock on daemon addresses registry.
2025-01-02T12:50:37.860+0900 [DEBUG] [org.gradle.cache.internal.DefaultFileLockManager] Waiting to acquire shared lock on daemon addresses registry.
2025-01-02T12:50:37.860+0900 [DEBUG] [org.gradle.cache.internal.DefaultFileLockManager] Lock acquired on daemon addresses registry.
2025-01-02T12:50:37.861+0900 [DEBUG] [org.gradle.cache.internal.DefaultFileLockManager] Releasing lock on daemon addresses registry.
2025-01-02T12:50:37.865+0900 [DEBUG] [org.gradle.cache.internal.DefaultFileLockManager] Waiting to acquire shared lock on daemon addresses registry.
2025-01-02T12:50:37.866+0900 [DEBUG] [org.gradle.cache.internal.DefaultFileLockManager] Lock acquired on daemon addresses registry.
2025-01-02T12:50:37.867+0900 [DEBUG] [org.gradle.cache.internal.DefaultFileLockManager] Releasing lock on daemon addresses registry.
2025-01-02T12:50:37.868+0900 [DEBUG] [org.gradle.launcher.daemon.server.health.LowMemoryDaemonExpirationStrategy] Nearing low physical memory threshold - OS memory {AvailableMemory[physical, total=8502181888, free=550031360], AvailableMemory[virtual, total=18702729216, free=4090998784]}
2025-01-02T12:50:37.872+0900 [DEBUG] [org.gradle.cache.internal.DefaultFileLockManager] Waiting to acquire shared lock on daemon addresses registry.
2025-01-02T12:50:37.872+0900 [DEBUG] [org.gradle.cache.internal.DefaultFileLockManager] Lock acquired on daemon addresses registry.
2025-01-02T12:50:37.873+0900 [DEBUG] [org.gradle.cache.internal.DefaultFileLockManager] Releasing lock on daemon addresses registry.
2025-01-02T12:50:37.874+0900 [DEBUG] [org.gradle.launcher.daemon.server.DaemonRegistryUpdater] Storing daemon stop event: other compatible daemons were started and after being idle for 0 minutes and not recently used
2025-01-02T12:50:37.875+0900 [DEBUG] [org.gradle.launcher.daemon.registry.PersistentDaemonRegistry] Storing daemon stop event with timestamp 1735789837874
2025-01-02T12:50:37.878+0900 [DEBUG] [org.gradle.cache.internal.DefaultFileLockManager] Waiting to acquire exclusive lock on daemon addresses registry.
2025-01-02T12:50:37.879+0900 [DEBUG] [org.gradle.cache.internal.DefaultFileLockManager] Lock acquired on daemon addresses registry.
2025-01-02T12:50:37.883+0900 [DEBUG] [org.gradle.cache.internal.DefaultFileLockManager] Releasing lock on daemon addresses registry.
2025-01-02T12:50:37.884+0900 [LIFECYCLE] [org.gradle.launcher.daemon.server.DaemonStateCoordinator] Daemon will be stopped at the end of the build other compatible daemons were started and after being idle for 0 minutes and not recently used
2025-01-02T12:50:37.885+0900 [DEBUG] [org.gradle.launcher.daemon.server.DaemonStateCoordinator] Marking daemon stopped due to other compatible daemons were started and after being idle for 0 minutes and not recently used. The daemon is not running a build
2025-01-02T12:50:37.886+0900 [DEBUG] [org.gradle.launcher.daemon.server.DaemonStateCoordinator] daemon has stopped.
2025-01-02T12:50:37.887+0900 [DEBUG] [org.gradle.launcher.daemon.server.Daemon] stop() called on daemon
2025-01-02T12:50:37.888+0900 [INFO] [org.gradle.launcher.daemon.server.Daemon] Stop requested. Daemon is removing its presence from the registry...
2025-01-02T12:50:37.888+0900 [DEBUG] [org.gradle.launcher.daemon.server.DaemonRegistryUpdater] Removing our presence to clients, eg. removing this address from the registry: [538b78a7-fcaa-402f-a982-32994d29ccde port:50803, addresses:[localhost/127.0.0.1]]
2025-01-02T12:50:37.889+0900 [DEBUG] [org.gradle.launcher.daemon.registry.PersistentDaemonRegistry] Removing daemon address: [538b78a7-fcaa-402f-a982-32994d29ccde port:50803, addresses:[localhost/127.0.0.1]]
2025-01-02T12:50:37.892+0900 [DEBUG] [org.gradle.cache.internal.DefaultFileLockManager] Waiting to acquire exclusive lock on daemon addresses registry.
2025-01-02T12:50:37.893+0900 [DEBUG] [org.gradle.cache.internal.DefaultFileLockManager] Lock acquired on daemon addresses registry.
2025-01-02T12:50:37.896+0900 [DEBUG] [org.gradle.cache.internal.DefaultFileLockManager] Releasing lock on daemon addresses registry.
2025-01-02T12:50:37.898+0900 [DEBUG] [org.gradle.launcher.daemon.server.DaemonRegistryUpdater] Address removed from registry.
2025-01-02T12:50:37.903+0900 [DEBUG] [org.gradle.cache.internal.LockOnDemandCrossProcessCacheAccess] Releasing file lock for jars (C:\Users\taeyun\IdeaProjects\back4\gradle\caches\jars-9)
2025-01-02T12:50:37.904+0900 [DEBUG] [org.gradle.cache.internal.DefaultFileLockManager] Releasing lock on jars (C:\Users\taeyun\IdeaProjects\back4\gradle\caches\jars-9).
2025-01-02T12:50:37.905+0900 [DEBUG] [org.gradle.cache.internal.DefaultCacheCleanupExecutor] jars (C:\Users\taeyun\IdeaProjects\back4\gradle\caches\jars-9) has last been fully cleaned up 20 hours ago
2025-01-02T12:50:37.905+0900 [DEBUG] [org.gradle.cache.internal.DefaultCacheCleanupExecutor] Skipping cleanup for jars (C:\Users\taeyun\IdeaProjects\back4\gradle\caches\jars-9) as it is not yet due
2025-01-02T12:50:37.906+0900 [DEBUG] [org.gradle.cache.internal.LockOnDemandCrossProcessCacheAccess] Releasing file lock for file content cache (C:\Users\taeyun\IdeaProjects\back4\gradle\caches\8.11.1\fileContent)
2025-01-02T12:50:37.907+0900 [DEBUG] [org.gradle.cache.internal.btree.BTreePersistentIndexedCache] Closing cache annotation-processors.bin (C:\Users\taeyun\IdeaProjects\back4\gradle\caches\8.11.1\fileContent\annotation-processors.bin)
2025-01-02T12:50:37.907+0900 [DEBUG] [org.gradle.cache.internal.DefaultFileLockManager] Releasing lock on file content cache (C:\Users\taeyun\IdeaProjects\back4\gradle\caches\8.11.1\fileContent).
2025-01-02T12:50:37.908+0900 [DEBUG] [org.gradle.cache.internal.DefaultCacheCoordinator] Cache file content cache (C:\Users\taeyun\IdeaProjects\back4\gradle\caches\8.11.1\fileContent) was closed 2 times.
2025-01-02T12:50:37.909+0900 [DEBUG] [org.gradle.internal.watch.vfs.impl.WatchingVirtualFileSystem] Closing VFS, dropping state
2025-01-02T12:50:37.910+0900 [DEBUG] [org.gradle.internal.watch.registry.impl.DefaultFileWatcherRegistry] Finished listening to file system change events
2025-01-02T12:50:37.910+0900 [DEBUG] [org.gradle.cache.internal.DefaultCacheCoordinator] Cache Generated Gradle JARs cache (C:\Users\taeyun\IdeaProjects\back4\gradle\caches\8.11.1\generated-gradle-jars) was closed 0 times.
2025-01-02T12:50:37.911+0900 [DEBUG] [org.gradle.cache.internal.LockOnDemandCrossProcessCacheAccess] Releasing file lock for artifact cache (C:\Users\taeyun\IdeaProjects\back4\gradle\caches\modules-2)
2025-01-02T12:50:37.911+0900 [DEBUG] [org.gradle.cache.internal.DefaultFileLockManager] Releasing lock on artifact cache (C:\Users\taeyun\IdeaProjects\back4\gradle\caches\modules-2).
2025-01-02T12:50:37.912+0900 [DEBUG] [org.gradle.cache.internal.DefaultCacheCleanupExecutor] artifact cache (C:\Users\taeyun\IdeaProjects\back4\gradle\caches\modules-2) has last been fully cleaned up 20 hours ago
2025-01-02T12:50:37.912+0900 [DEBUG] [org.gradle.cache.internal.DefaultCacheCleanupExecutor] Skipping cleanup for artifact cache (C:\Users\taeyun\IdeaProjects\back4\gradle\caches\modules-2) as it is not yet due
2025-01-02T12:50:37.913+0900 [DEBUG] [org.gradle.cache.internal.DefaultCacheCoordinator] Cache artifact cache (C:\Users\taeyun\IdeaProjects\back4\gradle\caches\modules-2) was closed 12 times.
2025-01-02T12:50:37.913+0900 [DEBUG] [org.gradle.cache.internal.DefaultCacheCleanupExecutor] groovy-dsl (C:\Users\taeyun\IdeaProjects\back4\gradle\caches\8.11.1\groovy-dsl) has last been fully cleaned up 20 hours ago
2025-01-02T12:50:37.913+0900 [DEBUG] [org.gradle.cache.internal.DefaultCacheCleanupExecutor] Skipping cleanup for groovy-dsl (C:\Users\taeyun\IdeaProjects\back4\gradle\caches\8.11.1\groovy-dsl) as it is not yet due
2025-01-02T12:50:37.914+0900 [DEBUG] [org.gradle.cache.internal.DefaultCacheCoordinator] Cache groovy-dsl (C:\Users\taeyun\IdeaProjects\back4\gradle\caches\8.11.1\groovy-dsl) was closed 0 times.
2025-01-02T12:50:37.914+0900 [DEBUG] [org.gradle.cache.internal.DefaultCacheCleanupExecutor] Artifact transforms cache (C:\Users\taeyun\IdeaProjects\back4\gradle\caches\8.11.1\transforms) has last been fully cleaned up 20 hours ago
2025-01-02T12:50:37.914+0900 [DEBUG] [org.gradle.cache.internal.DefaultCacheCleanupExecutor] Skipping cleanup for Artifact transforms cache (C:\Users\taeyun\IdeaProjects\back4\gradle\caches\8.11.1\transforms) as it is not yet due
2025-01-02T12:50:37.914+0900 [DEBUG] [org.gradle.cache.internal.DefaultCacheCoordinator] Cache Artifact transforms cache (C:\Users\taeyun\IdeaProjects\back4\gradle\caches\8.11.1\transforms) was closed 0 times.
2025-01-02T12:50:37.915+0900 [DEBUG] [org.gradle.cache.internal.LockOnDemandCrossProcessCacheAccess] Releasing file lock for journal cache (C:\Users\taeyun\IdeaProjects\back4\gradle\caches\journal-1)
2025-01-02T12:50:37.915+0900 [DEBUG] [org.gradle.cache.internal.btree.BTreePersistentIndexedCache] Closing cache file-access.bin (C:\Users\taeyun\IdeaProjects\back4\gradle\caches\journal-1\file-access.bin)
2025-01-02T12:50:37.915+0900 [DEBUG] [org.gradle.cache.internal.DefaultFileLockManager] Releasing lock on journal cache (C:\Users\taeyun\IdeaProjects\back4\gradle\caches\journal-1).
2025-01-02T12:50:37.916+0900 [DEBUG] [org.gradle.cache.internal.DefaultCacheCoordinator] Cache journal cache (C:\Users\taeyun\IdeaProjects\back4\gradle\caches\journal-1) was closed 2 times.
2025-01-02T12:50:37.916+0900 [DEBUG] [org.gradle.cache.internal.LockOnDemandCrossProcessCacheAccess] Releasing file lock for file hash cache (C:\Users\taeyun\IdeaProjects\back4\gradle\caches\8.11.1\fileHashes)
2025-01-02T12:50:37.916+0900 [DEBUG] [org.gradle.cache.internal.btree.BTreePersistentIndexedCache] Closing cache fileHashes.bin (C:\Users\taeyun\IdeaProjects\back4\gradle\caches\8.11.1\fileHashes\fileHashes.bin)
2025-01-02T12:50:37.917+0900 [DEBUG] [org.gradle.cache.internal.DefaultFileLockManager] Releasing lock on file hash cache (C:\Users\taeyun\IdeaProjects\back4\gradle\caches\8.11.1\fileHashes).
2025-01-02T12:50:37.917+0900 [DEBUG] [org.gradle.cache.internal.DefaultCacheCoordinator] Cache file hash cache (C:\Users\taeyun\IdeaProjects\back4\gradle\caches\8.11.1\fileHashes) was closed 2 times.
2025-01-02T12:50:37.918+0900 [DEBUG] [org.gradle.cache.internal.LockOnDemandCrossProcessCacheAccess] Releasing file lock for Java compile cache (C:\Users\taeyun\IdeaProjects\back4\gradle\caches\8.11.1\javaCompile)
2025-01-02T12:50:37.918+0900 [DEBUG] [org.gradle.cache.internal.btree.BTreePersistentIndexedCache] Closing cache classAnalysis.bin (C:\Users\taeyun\IdeaProjects\back4\gradle\caches\8.11.1\javaCompile\classAnalysis.bin)
2025-01-02T12:50:37.918+0900 [DEBUG] [org.gradle.cache.internal.DefaultFileLockManager] Releasing lock on Java compile cache (C:\Users\taeyun\IdeaProjects\back4\gradle\caches\8.11.1\javaCompile).
2025-01-02T12:50:37.919+0900 [DEBUG] [org.gradle.cache.internal.DefaultCacheCoordinator] Cache Java compile cache (C:\Users\taeyun\IdeaProjects\back4\gradle\caches\8.11.1\javaCompile) was closed 2 times.
2025-01-02T12:50:37.920+0900 [DEBUG] [org.gradle.internal.operations.DefaultBuildOperationRunner] Build operation 'Deleting unused version-specific caches in C:\Users\taeyun\IdeaProjects\back4\gradle\caches' started
2025-01-02T12:50:37.920+0900 [DEBUG] [org.gradle.internal.operations.DefaultBuildOperationRunner] Completing Build operation 'Deleting unused version-specific caches in C:\Users\taeyun\IdeaProjects\back4\gradle\caches'
2025-01-02T12:50:37.920+0900 [DEBUG] [org.gradle.internal.operations.DefaultBuildOperationRunner] Build operation 'Deleting unused version-specific caches in C:\Users\taeyun\IdeaProjects\back4\gradle\caches' completed
2025-01-02T12:50:37.921+0900 [DEBUG] [org.gradle.launcher.daemon.server.Daemon] stop() called on daemon
2025-01-02T12:50:37.921+0900 [INFO] [org.gradle.launcher.daemon.server.Daemon] Stop requested. Daemon is removing its presence from the registry...
2025-01-02T12:50:37.921+0900 [DEBUG] [org.gradle.launcher.daemon.server.DaemonRegistryUpdater] Removing our presence to clients, eg. removing this address from the registry: [538b78a7-fcaa-402f-a982-32994d29ccde port:50803, addresses:[localhost/127.0.0.1]]
2025-01-02T12:50:37.921+0900 [DEBUG] [org.gradle.launcher.daemon.registry.PersistentDaemonRegistry] Removing daemon address: [538b78a7-fcaa-402f-a982-32994d29ccde port:50803, addresses:[localhost/127.0.0.1]]
2025-01-02T12:50:37.922+0900 [DEBUG] [org.gradle.cache.internal.DefaultFileLockManager] Waiting to acquire exclusive lock on daemon addresses registry.
2025-01-02T12:50:37.923+0900 [DEBUG] [org.gradle.cache.internal.DefaultFileLockManager] Lock acquired on daemon addresses registry.
2025-01-02T12:50:37.925+0900 [DEBUG] [org.gradle.cache.internal.DefaultFileLockManager] Releasing lock on daemon addresses registry.
2025-01-02T12:50:37.925+0900 [DEBUG] [org.gradle.launcher.daemon.server.DaemonRegistryUpdater] Address removed from registry.
2025-01-02T12:50:37.926+0900 [DEBUG] [org.gradle.cache.internal.locklistener.DefaultFileLockContentionHandler] File lock listener thread completed.
Daemon vm is shutting down... The daemon has exited normally or was terminated in response to a user interrupt.
2025-01-02T12:50:37.928+0900 [DEBUG] [org.gradle.launcher.daemon.registry.PersistentDaemonRegistry] Removing daemon address: [538b78a7-fcaa-402f-a982-32994d29ccde port:50803, addresses:[localhost/127.0.0.1]]
2025-01-02T12:50:37.929+0900 [DEBUG] [org.gradle.launcher.daemon.server.Daemon] VM shutdown hook was unable to remove the daemon address from the registry. It will be cleaned up later.
java.lang.IllegalStateException: Cannot start managing file contention because this handler has been closed.
	at org.gradle.cache.internal.locklistener.DefaultFileLockContentionHandler.assertNotStopped(DefaultFileLockContentionHandler.java:217)
	at org.gradle.cache.internal.locklistener.DefaultFileLockContentionHandler.getCommunicator(DefaultFileLockContentionHandler.java:260)
	at org.gradle.cache.internal.locklistener.DefaultFileLockContentionHandler.reservePort(DefaultFileLockContentionHandler.java:254)
	at org.gradle.cache.internal.DefaultFileLockManager.lock(DefaultFileLockManager.java:124)
	at org.gradle.cache.internal.DefaultFileLockManager.lock(DefaultFileLockManager.java:106)
	at org.gradle.cache.internal.DefaultFileLockManager.lock(DefaultFileLockManager.java:101)
	at org.gradle.cache.internal.OnDemandFileAccess.updateFile(OnDemandFileAccess.java:51)
	at org.gradle.cache.internal.FileBackedObjectHolder.update(FileBackedObjectHolder.java:77)
	at org.gradle.cache.internal.FileIntegrityViolationSuppressingObjectHolderDecorator.lambda$update$0(FileIntegrityViolationSuppressingObjectHolderDecorator.java:48)
	at org.gradle.cache.internal.FileIntegrityViolationSuppressingObjectHolderDecorator.doUpdate(FileIntegrityViolationSuppressingObjectHolderDecorator.java:58)
	at org.gradle.cache.internal.FileIntegrityViolationSuppressingObjectHolderDecorator.update(FileIntegrityViolationSuppressingObjectHolderDecorator.java:48)
	at org.gradle.launcher.daemon.registry.PersistentDaemonRegistry.remove(PersistentDaemonRegistry.java:133)
	at org.gradle.launcher.daemon.server.Daemon$1.run(Daemon.java:133)
	at java.base/java.lang.Thread.run(Thread.java:842)
