2025-01-01T17:46:25.572+0900 [DEBUG] [org.gradle.launcher.daemon.bootstrap.DaemonMain] Assuming the daemon was started with following jvm opts: [-XX:MaxMetaspaceSize=384m, -XX:+HeapDumpOnOutOfMemoryError, -Xms256m, -Xmx512m, -Dfile.encoding=UTF-8, -Duser.country=KR, -Duser.language=ko, -Duser.variant]
2025-01-01T17:46:26.249+0900 [DEBUG] [org.gradle.internal.nativeintegration.services.NativeServices] Native-platform posix files integration is not available. Continuing with fallback.
2025-01-01T17:46:26.380+0900 [INFO] [org.gradle.launcher.daemon.server.Daemon] start() called on daemon - DefaultDaemonContext[uid=d1397b92-1cad-4fa5-b986-ce2ea6078bcc,javaHome=C:\Program Files\Java\jdk-17,javaVersion=17,javaVendor=Oracle Corporation,daemonRegistryDir=C:\Users\taeyun\IdeaProjects\back4\gradle\daemon,pid=3760,idleTimeout=10800000,priority=NORMAL,applyInstrumentationAgent=true,nativeServicesMode=ENABLED,daemonOpts=-XX:MaxMetaspaceSize=384m,-XX:+HeapDumpOnOutOfMemoryError,-Xms256m,-Xmx512m,-Dfile.encoding=UTF-8,-Duser.country=KR,-Duser.language=ko,-Duser.variant]
2025-01-01T17:46:27.028+0900 [DEBUG] [org.gradle.internal.remote.internal.inet.InetAddresses] Adding IP addresses for network interface Software Loopback Interface 1
2025-01-01T17:46:27.071+0900 [DEBUG] [org.gradle.internal.remote.internal.inet.InetAddresses] Is this a loopback interface? true
2025-01-01T17:46:27.072+0900 [DEBUG] [org.gradle.internal.remote.internal.inet.InetAddresses] Adding loopback address /127.0.0.1
2025-01-01T17:46:27.073+0900 [DEBUG] [org.gradle.internal.remote.internal.inet.InetAddresses] Adding loopback address /0:0:0:0:0:0:0:1
2025-01-01T17:46:27.076+0900 [DEBUG] [org.gradle.internal.remote.internal.inet.InetAddresses] Adding IP addresses for network interface Microsoft 6to4 Adapter
2025-01-01T17:46:27.081+0900 [DEBUG] [org.gradle.internal.remote.internal.inet.InetAddresses] Is this a loopback interface? false
2025-01-01T17:46:27.081+0900 [DEBUG] [org.gradle.internal.remote.internal.inet.InetAddresses] Adding IP addresses for network interface WAN Miniport (Network Monitor)
2025-01-01T17:46:27.087+0900 [DEBUG] [org.gradle.internal.remote.internal.inet.InetAddresses] Is this a loopback interface? false
2025-01-01T17:46:27.087+0900 [DEBUG] [org.gradle.internal.remote.internal.inet.InetAddresses] Adding IP addresses for network interface Microsoft IP-HTTPS Platform Adapter
2025-01-01T17:46:27.092+0900 [DEBUG] [org.gradle.internal.remote.internal.inet.InetAddresses] Is this a loopback interface? false
2025-01-01T17:46:27.093+0900 [DEBUG] [org.gradle.internal.remote.internal.inet.InetAddresses] Adding IP addresses for network interface Microsoft Wi-Fi Direct Virtual Adapter #2
2025-01-01T17:46:27.103+0900 [DEBUG] [org.gradle.internal.remote.internal.inet.InetAddresses] Is this a loopback interface? false
2025-01-01T17:46:27.104+0900 [DEBUG] [org.gradle.internal.remote.internal.inet.InetAddresses] Adding remote address /fe80:0:0:0:c2f4:6b01:cb20:1b5d%wlan0
2025-01-01T17:46:27.105+0900 [DEBUG] [org.gradle.internal.remote.internal.inet.InetAddresses] Adding IP addresses for network interface WAN Miniport (PPTP)
2025-01-01T17:46:27.113+0900 [DEBUG] [org.gradle.internal.remote.internal.inet.InetAddresses] Is this a loopback interface? false
2025-01-01T17:46:27.114+0900 [DEBUG] [org.gradle.internal.remote.internal.inet.InetAddresses] Adding IP addresses for network interface WAN Miniport (IPv6)
2025-01-01T17:46:27.126+0900 [DEBUG] [org.gradle.internal.remote.internal.inet.InetAddresses] Is this a loopback interface? false
2025-01-01T17:46:27.126+0900 [DEBUG] [org.gradle.internal.remote.internal.inet.InetAddresses] Adding IP addresses for network interface WAN Miniport (L2TP)
2025-01-01T17:46:27.138+0900 [DEBUG] [org.gradle.internal.remote.internal.inet.InetAddresses] Is this a loopback interface? false
2025-01-01T17:46:27.138+0900 [DEBUG] [org.gradle.internal.remote.internal.inet.InetAddresses] Adding IP addresses for network interface Intel(R) Dual Band Wireless-AC 3160
2025-01-01T17:46:27.165+0900 [DEBUG] [org.gradle.internal.remote.internal.inet.InetAddresses] Is this a loopback interface? false
2025-01-01T17:46:27.166+0900 [DEBUG] [org.gradle.internal.remote.internal.inet.InetAddresses] Adding remote address /192.168.0.104
2025-01-01T17:46:27.167+0900 [DEBUG] [org.gradle.internal.remote.internal.inet.InetAddresses] Adding remote address /fe80:0:0:0:76a6:d5f5:8b5d:a6d2%wlan1
2025-01-01T17:46:27.168+0900 [DEBUG] [org.gradle.internal.remote.internal.inet.InetAddresses] Adding IP addresses for network interface Microsoft Teredo Tunneling Adapter
2025-01-01T17:46:27.196+0900 [DEBUG] [org.gradle.internal.remote.internal.inet.InetAddresses] Is this a loopback interface? false
2025-01-01T17:46:27.196+0900 [DEBUG] [org.gradle.internal.remote.internal.inet.InetAddresses] Adding IP addresses for network interface WAN Miniport (IP)
2025-01-01T17:46:27.200+0900 [DEBUG] [org.gradle.internal.remote.internal.inet.InetAddresses] Is this a loopback interface? false
2025-01-01T17:46:27.201+0900 [DEBUG] [org.gradle.internal.remote.internal.inet.InetAddresses] Adding IP addresses for network interface WAN Miniport (IKEv2)
2025-01-01T17:46:27.209+0900 [DEBUG] [org.gradle.internal.remote.internal.inet.InetAddresses] Is this a loopback interface? false
2025-01-01T17:46:27.210+0900 [DEBUG] [org.gradle.internal.remote.internal.inet.InetAddresses] Adding IP addresses for network interface Bluetooth Device (Personal Area Network)
2025-01-01T17:46:27.224+0900 [DEBUG] [org.gradle.internal.remote.internal.inet.InetAddresses] Is this a loopback interface? false
2025-01-01T17:46:27.225+0900 [DEBUG] [org.gradle.internal.remote.internal.inet.InetAddresses] Adding remote address /fe80:0:0:0:3199:4509:650e:e5d5%eth3
2025-01-01T17:46:27.225+0900 [DEBUG] [org.gradle.internal.remote.internal.inet.InetAddresses] Adding IP addresses for network interface WAN Miniport (SSTP)
2025-01-01T17:46:27.234+0900 [DEBUG] [org.gradle.internal.remote.internal.inet.InetAddresses] Is this a loopback interface? false
2025-01-01T17:46:27.235+0900 [DEBUG] [org.gradle.internal.remote.internal.inet.InetAddresses] Adding IP addresses for network interface Realtek PCIe GbE Family Controller
2025-01-01T17:46:27.239+0900 [DEBUG] [org.gradle.internal.remote.internal.inet.InetAddresses] Is this a loopback interface? false
2025-01-01T17:46:27.240+0900 [DEBUG] [org.gradle.internal.remote.internal.inet.InetAddresses] Adding remote address /fe80:0:0:0:cc6:c238:358b:2098%eth4
2025-01-01T17:46:27.252+0900 [DEBUG] [org.gradle.internal.remote.internal.inet.InetAddresses] Adding IP addresses for network interface Microsoft Kernel Debug Network Adapter
2025-01-01T17:46:27.256+0900 [DEBUG] [org.gradle.internal.remote.internal.inet.InetAddresses] Is this a loopback interface? false
2025-01-01T17:46:27.257+0900 [DEBUG] [org.gradle.internal.remote.internal.inet.InetAddresses] Adding IP addresses for network interface Microsoft Wi-Fi Direct Virtual Adapter
2025-01-01T17:46:27.271+0900 [DEBUG] [org.gradle.internal.remote.internal.inet.InetAddresses] Is this a loopback interface? false
2025-01-01T17:46:27.273+0900 [DEBUG] [org.gradle.internal.remote.internal.inet.InetAddresses] Adding remote address /fe80:0:0:0:c9d6:f6cf:a777:7b88%wlan2
2025-01-01T17:46:27.274+0900 [DEBUG] [org.gradle.internal.remote.internal.inet.InetAddresses] Adding IP addresses for network interface WAN Miniport (PPPOE)
2025-01-01T17:46:27.291+0900 [DEBUG] [org.gradle.internal.remote.internal.inet.InetAddresses] Is this a loopback interface? false
2025-01-01T17:46:27.291+0900 [DEBUG] [org.gradle.internal.remote.internal.inet.InetAddresses] Adding IP addresses for network interface Realtek PCIe GbE Family Controller-WFP Native MAC Layer LightWeight Filter-0000
2025-01-01T17:46:27.328+0900 [DEBUG] [org.gradle.internal.remote.internal.inet.InetAddresses] Is this a loopback interface? false
2025-01-01T17:46:27.328+0900 [DEBUG] [org.gradle.internal.remote.internal.inet.InetAddresses] Adding IP addresses for network interface Realtek PCIe GbE Family Controller-QoS Packet Scheduler-0000
2025-01-01T17:46:27.351+0900 [DEBUG] [org.gradle.internal.remote.internal.inet.InetAddresses] Is this a loopback interface? false
2025-01-01T17:46:27.352+0900 [DEBUG] [org.gradle.internal.remote.internal.inet.InetAddresses] Adding IP addresses for network interface Realtek PCIe GbE Family Controller-WFP 802.3 MAC Layer LightWeight Filter-0000
2025-01-01T17:46:27.361+0900 [DEBUG] [org.gradle.internal.remote.internal.inet.InetAddresses] Is this a loopback interface? false
2025-01-01T17:46:27.362+0900 [DEBUG] [org.gradle.internal.remote.internal.inet.InetAddresses] Adding IP addresses for network interface Intel(R) Dual Band Wireless-AC 3160-WFP Native MAC Layer LightWeight Filter-0000
2025-01-01T17:46:27.366+0900 [DEBUG] [org.gradle.internal.remote.internal.inet.InetAddresses] Is this a loopback interface? false
2025-01-01T17:46:27.366+0900 [DEBUG] [org.gradle.internal.remote.internal.inet.InetAddresses] Adding IP addresses for network interface Intel(R) Dual Band Wireless-AC 3160-Virtual WiFi Filter Driver-0000
2025-01-01T17:46:27.376+0900 [DEBUG] [org.gradle.internal.remote.internal.inet.InetAddresses] Is this a loopback interface? false
2025-01-01T17:46:27.376+0900 [DEBUG] [org.gradle.internal.remote.internal.inet.InetAddresses] Adding IP addresses for network interface Intel(R) Dual Band Wireless-AC 3160-Native WiFi Filter Driver-0000
2025-01-01T17:46:27.381+0900 [DEBUG] [org.gradle.internal.remote.internal.inet.InetAddresses] Is this a loopback interface? false
2025-01-01T17:46:27.382+0900 [DEBUG] [org.gradle.internal.remote.internal.inet.InetAddresses] Adding IP addresses for network interface Intel(R) Dual Band Wireless-AC 3160-QoS Packet Scheduler-0000
2025-01-01T17:46:27.386+0900 [DEBUG] [org.gradle.internal.remote.internal.inet.InetAddresses] Is this a loopback interface? false
2025-01-01T17:46:27.387+0900 [DEBUG] [org.gradle.internal.remote.internal.inet.InetAddresses] Adding IP addresses for network interface Intel(R) Dual Band Wireless-AC 3160-WFP 802.3 MAC Layer LightWeight Filter-0000
2025-01-01T17:46:27.391+0900 [DEBUG] [org.gradle.internal.remote.internal.inet.InetAddresses] Is this a loopback interface? false
2025-01-01T17:46:27.393+0900 [DEBUG] [org.gradle.internal.remote.internal.inet.InetAddresses] Adding IP addresses for network interface Microsoft Wi-Fi Direct Virtual Adapter-WFP Native MAC Layer LightWeight Filter-0000
2025-01-01T17:46:27.397+0900 [DEBUG] [org.gradle.internal.remote.internal.inet.InetAddresses] Is this a loopback interface? false
2025-01-01T17:46:27.398+0900 [DEBUG] [org.gradle.internal.remote.internal.inet.InetAddresses] Adding IP addresses for network interface Microsoft Wi-Fi Direct Virtual Adapter-Native WiFi Filter Driver-0000
2025-01-01T17:46:27.402+0900 [DEBUG] [org.gradle.internal.remote.internal.inet.InetAddresses] Is this a loopback interface? false
2025-01-01T17:46:27.402+0900 [DEBUG] [org.gradle.internal.remote.internal.inet.InetAddresses] Adding IP addresses for network interface Microsoft Wi-Fi Direct Virtual Adapter-QoS Packet Scheduler-0000
2025-01-01T17:46:27.406+0900 [DEBUG] [org.gradle.internal.remote.internal.inet.InetAddresses] Is this a loopback interface? false
2025-01-01T17:46:27.406+0900 [DEBUG] [org.gradle.internal.remote.internal.inet.InetAddresses] Adding IP addresses for network interface Microsoft Wi-Fi Direct Virtual Adapter-WFP 802.3 MAC Layer LightWeight Filter-0000
2025-01-01T17:46:27.410+0900 [DEBUG] [org.gradle.internal.remote.internal.inet.InetAddresses] Is this a loopback interface? false
2025-01-01T17:46:27.411+0900 [DEBUG] [org.gradle.internal.remote.internal.inet.InetAddresses] Adding IP addresses for network interface WAN Miniport (IP)-WFP Native MAC Layer LightWeight Filter-0000
2025-01-01T17:46:27.415+0900 [DEBUG] [org.gradle.internal.remote.internal.inet.InetAddresses] Is this a loopback interface? false
2025-01-01T17:46:27.415+0900 [DEBUG] [org.gradle.internal.remote.internal.inet.InetAddresses] Adding IP addresses for network interface WAN Miniport (IP)-QoS Packet Scheduler-0000
2025-01-01T17:46:27.419+0900 [DEBUG] [org.gradle.internal.remote.internal.inet.InetAddresses] Is this a loopback interface? false
2025-01-01T17:46:27.420+0900 [DEBUG] [org.gradle.internal.remote.internal.inet.InetAddresses] Adding IP addresses for network interface WAN Miniport (IPv6)-WFP Native MAC Layer LightWeight Filter-0000
2025-01-01T17:46:27.424+0900 [DEBUG] [org.gradle.internal.remote.internal.inet.InetAddresses] Is this a loopback interface? false
2025-01-01T17:46:27.426+0900 [DEBUG] [org.gradle.internal.remote.internal.inet.InetAddresses] Adding IP addresses for network interface WAN Miniport (IPv6)-QoS Packet Scheduler-0000
2025-01-01T17:46:27.436+0900 [DEBUG] [org.gradle.internal.remote.internal.inet.InetAddresses] Is this a loopback interface? false
2025-01-01T17:46:27.436+0900 [DEBUG] [org.gradle.internal.remote.internal.inet.InetAddresses] Adding IP addresses for network interface WAN Miniport (Network Monitor)-WFP Native MAC Layer LightWeight Filter-0000
2025-01-01T17:46:27.482+0900 [DEBUG] [org.gradle.internal.remote.internal.inet.InetAddresses] Is this a loopback interface? false
2025-01-01T17:46:27.482+0900 [DEBUG] [org.gradle.internal.remote.internal.inet.InetAddresses] Adding IP addresses for network interface WAN Miniport (Network Monitor)-QoS Packet Scheduler-0000
2025-01-01T17:46:27.488+0900 [DEBUG] [org.gradle.internal.remote.internal.inet.InetAddresses] Is this a loopback interface? false
2025-01-01T17:46:27.489+0900 [DEBUG] [org.gradle.internal.remote.internal.inet.InetAddresses] Adding IP addresses for network interface Microsoft Wi-Fi Direct Virtual Adapter #2-WFP Native MAC Layer LightWeight Filter-0000
2025-01-01T17:46:27.493+0900 [DEBUG] [org.gradle.internal.remote.internal.inet.InetAddresses] Is this a loopback interface? false
2025-01-01T17:46:27.497+0900 [DEBUG] [org.gradle.internal.remote.internal.inet.InetAddresses] Adding IP addresses for network interface Microsoft Wi-Fi Direct Virtual Adapter #2-Native WiFi Filter Driver-0000
2025-01-01T17:46:27.503+0900 [DEBUG] [org.gradle.internal.remote.internal.inet.InetAddresses] Is this a loopback interface? false
2025-01-01T17:46:27.504+0900 [DEBUG] [org.gradle.internal.remote.internal.inet.InetAddresses] Adding IP addresses for network interface Microsoft Wi-Fi Direct Virtual Adapter #2-QoS Packet Scheduler-0000
2025-01-01T17:46:27.533+0900 [DEBUG] [org.gradle.internal.remote.internal.inet.InetAddresses] Is this a loopback interface? false
2025-01-01T17:46:27.533+0900 [DEBUG] [org.gradle.internal.remote.internal.inet.InetAddresses] Adding IP addresses for network interface Microsoft Wi-Fi Direct Virtual Adapter #2-WFP 802.3 MAC Layer LightWeight Filter-0000
2025-01-01T17:46:27.539+0900 [DEBUG] [org.gradle.internal.remote.internal.inet.InetAddresses] Is this a loopback interface? false
2025-01-01T17:46:27.597+0900 [DEBUG] [org.gradle.internal.remote.internal.inet.TcpIncomingConnector] Listening on [838761b0-1c4b-4a43-b8ef-bf2322fa3ff4 port:59421, addresses:[localhost/127.0.0.1]].
2025-01-01T17:46:27.642+0900 [DEBUG] [org.gradle.launcher.daemon.server.Daemon] Daemon starting at: Wed Jan 01 17:46:27 KST 2025, with address: [838761b0-1c4b-4a43-b8ef-bf2322fa3ff4 port:59421, addresses:[localhost/127.0.0.1]]
2025-01-01T17:46:27.642+0900 [INFO] [org.gradle.launcher.daemon.server.DaemonRegistryUpdater] Advertising the daemon address to the clients: [838761b0-1c4b-4a43-b8ef-bf2322fa3ff4 port:59421, addresses:[localhost/127.0.0.1]]
2025-01-01T17:46:27.643+0900 [DEBUG] [org.gradle.launcher.daemon.server.DaemonRegistryUpdater] Advertised daemon context: DefaultDaemonContext[uid=d1397b92-1cad-4fa5-b986-ce2ea6078bcc,javaHome=C:\Program Files\Java\jdk-17,javaVersion=17,javaVendor=Oracle Corporation,daemonRegistryDir=C:\Users\taeyun\IdeaProjects\back4\gradle\daemon,pid=3760,idleTimeout=10800000,priority=NORMAL,applyInstrumentationAgent=true,nativeServicesMode=ENABLED,daemonOpts=-XX:MaxMetaspaceSize=384m,-XX:+HeapDumpOnOutOfMemoryError,-Xms256m,-Xmx512m,-Dfile.encoding=UTF-8,-Duser.country=KR,-Duser.language=ko,-Duser.variant]
2025-01-01T17:46:27.645+0900 [DEBUG] [org.gradle.launcher.daemon.registry.PersistentDaemonRegistry] Storing daemon address: [838761b0-1c4b-4a43-b8ef-bf2322fa3ff4 port:59421, addresses:[localhost/127.0.0.1]], context: DefaultDaemonContext[uid=d1397b92-1cad-4fa5-b986-ce2ea6078bcc,javaHome=C:\Program Files\Java\jdk-17,javaVersion=17,javaVendor=Oracle Corporation,daemonRegistryDir=C:\Users\taeyun\IdeaProjects\back4\gradle\daemon,pid=3760,idleTimeout=10800000,priority=NORMAL,applyInstrumentationAgent=true,nativeServicesMode=ENABLED,daemonOpts=-XX:MaxMetaspaceSize=384m,-XX:+HeapDumpOnOutOfMemoryError,-Xms256m,-Xmx512m,-Dfile.encoding=UTF-8,-Duser.country=KR,-Duser.language=ko,-Duser.variant]
2025-01-01T17:46:27.790+0900 [DEBUG] [org.gradle.cache.internal.DefaultFileLockManager] Waiting to acquire exclusive lock on daemon addresses registry.
2025-01-01T17:46:27.823+0900 [DEBUG] [org.gradle.cache.internal.DefaultFileLockManager] Lock acquired on daemon addresses registry.
2025-01-01T17:46:27.838+0900 [DEBUG] [org.gradle.cache.internal.DefaultFileLockManager] Releasing lock on daemon addresses registry.
2025-01-01T17:46:27.839+0900 [LIFECYCLE] [org.gradle.launcher.daemon.server.Daemon] Daemon server started.
2025-01-01T17:46:27.842+0900 [DEBUG] [org.gradle.launcher.daemon.bootstrap.DaemonStartupCommunication] Completed writing the daemon greeting. Closing streams...
2025-01-01T17:46:27.852+0900 [DEBUG] [org.gradle.internal.remote.internal.inet.TcpIncomingConnector] Accepted connection from /127.0.0.1:59422 to /127.0.0.1:59421.
2025-01-01T17:46:27.911+0900 [DEBUG] [org.gradle.launcher.daemon.server.Daemon] stopOnExpiration() called on daemon
2025-01-01T17:46:27.915+0900 [DEBUG] [org.gradle.launcher.daemon.server.Daemon] awaitExpiration() called on daemon
2025-01-01T17:46:27.916+0900 [DEBUG] [org.gradle.launcher.daemon.server.DaemonStateCoordinator] daemon is running. Sleeping until state changes.
2025-01-01T17:46:28.102+0900 [DEBUG] [org.gradle.launcher.daemon.server.SynchronizedDispatchConnection] thread 21: received class org.gradle.launcher.daemon.protocol.Build
2025-01-01T17:46:28.102+0900 [DEBUG] [org.gradle.launcher.daemon.server.DefaultDaemonConnection] thread 21: Received non-IO message from client: Build{id=7b653867-a238-492a-af96-ee95e844cd69, currentDir=C:\Users\taeyun\IdeaProjects\back4}
2025-01-01T17:46:28.104+0900 [INFO] [org.gradle.launcher.daemon.server.DefaultIncomingConnectionHandler] Received command: Build{id=7b653867-a238-492a-af96-ee95e844cd69, currentDir=C:\Users\taeyun\IdeaProjects\back4}.
2025-01-01T17:46:28.104+0900 [DEBUG] [org.gradle.launcher.daemon.server.DefaultIncomingConnectionHandler] Starting executing command: Build{id=7b653867-a238-492a-af96-ee95e844cd69, currentDir=C:\Users\taeyun\IdeaProjects\back4} with connection: socket connection from /127.0.0.1:59421 to /127.0.0.1:59422.
2025-01-01T17:46:28.115+0900 [DEBUG] [org.gradle.launcher.daemon.server.DaemonStateCoordinator] Command execution: started DaemonCommandExecution[command = Build{id=7b653867-a238-492a-af96-ee95e844cd69, currentDir=C:\Users\taeyun\IdeaProjects\back4}, connection = DefaultDaemonConnection: socket connection from /127.0.0.1:59421 to /127.0.0.1:59422] after 0.01983333333333333 minutes of idle
2025-01-01T17:46:28.121+0900 [INFO] [org.gradle.launcher.daemon.server.DaemonRegistryUpdater] Marking the daemon as busy, address: [838761b0-1c4b-4a43-b8ef-bf2322fa3ff4 port:59421, addresses:[localhost/127.0.0.1]]
2025-01-01T17:46:28.122+0900 [DEBUG] [org.gradle.launcher.daemon.registry.PersistentDaemonRegistry] Marking busy by address: [838761b0-1c4b-4a43-b8ef-bf2322fa3ff4 port:59421, addresses:[localhost/127.0.0.1]]
2025-01-01T17:46:28.125+0900 [DEBUG] [org.gradle.cache.internal.DefaultFileLockManager] Waiting to acquire exclusive lock on daemon addresses registry.
2025-01-01T17:46:28.271+0900 [DEBUG] [org.gradle.cache.internal.DefaultFileLockManager] Lock acquired on daemon addresses registry.
2025-01-01T17:46:28.294+0900 [DEBUG] [org.gradle.cache.internal.DefaultFileLockManager] Releasing lock on daemon addresses registry.
2025-01-01T17:46:28.297+0900 [DEBUG] [org.gradle.launcher.daemon.server.DaemonStateCoordinator] resetting idle timer
2025-01-01T17:46:28.297+0900 [DEBUG] [org.gradle.launcher.daemon.server.DaemonStateCoordinator] daemon is running. Sleeping until state changes.
2025-01-01T17:46:28.300+0900 [INFO] [org.gradle.launcher.daemon.server.exec.StartBuildOrRespondWithBusy] Daemon is about to start building Build{id=7b653867-a238-492a-af96-ee95e844cd69, currentDir=C:\Users\taeyun\IdeaProjects\back4}. Dispatching build started information...
2025-01-01T17:46:28.301+0900 [DEBUG] [org.gradle.launcher.daemon.server.SynchronizedDispatchConnection] thread 23: dispatching org.gradle.launcher.daemon.protocol.BuildStarted@1f6d7c61
2025-01-01T17:46:28.310+0900 [DEBUG] [org.gradle.launcher.daemon.server.exec.EstablishBuildEnvironment] Configuring env variables: [USERDOMAIN_ROAMINGPROFILE, LOCALAPPDATA, PROCESSOR_LEVEL, IntelliJ IDEA, USERDOMAIN, LOGONSERVER, ALLUSERSPROFILE, PROCESSOR_ARCHITECTURE, PSModulePath, SystemDrive, OneDrive, APPDATA, USERNAME, ProgramFiles(x86), CommonProgramFiles, Path, PATHEXT, DriverData, OS, OneDriveConsumer, COMPUTERNAME, PROCESSOR_REVISION, CommonProgramW6432, ComSpec, ProgramData, ProgramW6432, TEMP, HOMEPATH, SystemRoot, PROCESSOR_IDENTIFIER, HOMEDRIVE, USERPROFILE, TMP, CommonProgramFiles(x86), ProgramFiles, PUBLIC, windir, NUMBER_OF_PROCESSORS]
2025-01-01T17:46:28.340+0900 [DEBUG] [org.gradle.launcher.daemon.server.exec.LogToClient] About to start relaying all logs to the client via the connection.
2025-01-01T17:46:28.341+0900 [INFO] [org.gradle.launcher.daemon.server.exec.LogToClient] The client will now receive all logging from the daemon (pid: 3760). The daemon log file: C:\Users\taeyun\IdeaProjects\back4\gradle\daemon\8.11.1\daemon-3760.out.log
2025-01-01T17:46:28.343+0900 [INFO] [org.gradle.launcher.daemon.server.exec.LogAndCheckHealth] Starting build in new daemon [memory: 512 MiB]
2025-01-01T17:46:28.349+0900 [DEBUG] [org.gradle.launcher.daemon.server.exec.ExecuteBuild] The daemon has started executing the build.
2025-01-01T17:46:28.350+0900 [DEBUG] [org.gradle.launcher.daemon.server.exec.ExecuteBuild] Executing build with daemon context: DefaultDaemonContext[uid=d1397b92-1cad-4fa5-b986-ce2ea6078bcc,javaHome=C:\Program Files\Java\jdk-17,javaVersion=17,javaVendor=Oracle Corporation,daemonRegistryDir=C:\Users\taeyun\IdeaProjects\back4\gradle\daemon,pid=3760,idleTimeout=10800000,priority=NORMAL,applyInstrumentationAgent=true,nativeServicesMode=ENABLED,daemonOpts=-XX:MaxMetaspaceSize=384m,-XX:+HeapDumpOnOutOfMemoryError,-Xms256m,-Xmx512m,-Dfile.encoding=UTF-8,-Duser.country=KR,-Duser.language=ko,-Duser.variant]

BUILD SUCCESSFUL in 1m 10s
2 actionable tasks: 2 up-to-date
2025-01-01T17:47:26.085+0900 [DEBUG] [org.gradle.launcher.daemon.server.exec.ExecuteBuild] The daemon has finished executing the build.
2025-01-01T17:47:26.166+0900 [DEBUG] [org.gradle.launcher.daemon.server.DaemonStateCoordinator] daemon is running. Sleeping until state changes.
2025-01-01T17:47:26.167+0900 [DEBUG] [org.gradle.launcher.daemon.server.DaemonStateCoordinator] Command execution: finished waiting for DaemonCommandExecution[command = Build{id=7b653867-a238-492a-af96-ee95e844cd69, currentDir=C:\Users\taeyun\IdeaProjects\back4}, connection = DefaultDaemonConnection: socket connection from /127.0.0.1:59421 to /127.0.0.1:59422]. Result org.gradle.launcher.daemon.server.DaemonStateCoordinator@5b031473 with state Busy
2025-01-01T17:47:26.168+0900 [DEBUG] [org.gradle.launcher.daemon.server.DaemonStateCoordinator] Command execution: completed DaemonCommandExecution[command = Build{id=7b653867-a238-492a-af96-ee95e844cd69, currentDir=C:\Users\taeyun\IdeaProjects\back4}, connection = DefaultDaemonConnection: socket connection from /127.0.0.1:59421 to /127.0.0.1:59422]
2025-01-01T17:47:26.168+0900 [DEBUG] [org.gradle.launcher.daemon.server.DaemonStateCoordinator] resetting idle timer
2025-01-01T17:47:26.169+0900 [INFO] [org.gradle.launcher.daemon.server.DaemonRegistryUpdater] Marking the daemon as idle, address: [838761b0-1c4b-4a43-b8ef-bf2322fa3ff4 port:59421, addresses:[localhost/127.0.0.1]]
2025-01-01T17:47:26.169+0900 [DEBUG] [org.gradle.launcher.daemon.registry.PersistentDaemonRegistry] Marking busy by address: [838761b0-1c4b-4a43-b8ef-bf2322fa3ff4 port:59421, addresses:[localhost/127.0.0.1]]
2025-01-01T17:47:26.171+0900 [DEBUG] [org.gradle.cache.internal.locklistener.FileLockCommunicator] Confirming lock release to Gradle process at port 61620 for lock with id 7412418856548012927.
2025-01-01T17:47:26.172+0900 [DEBUG] [org.gradle.cache.internal.DefaultFileLockManager] Waiting to acquire exclusive lock on daemon addresses registry.
2025-01-01T17:47:26.172+0900 [DEBUG] [org.gradle.cache.internal.locklistener.FileLockCommunicator] Confirming lock release to Gradle process at port 61620 for lock with id 7412418856548012927.
2025-01-01T17:47:26.245+0900 [DEBUG] [org.gradle.cache.internal.LockOnDemandCrossProcessCacheAccess] Lock on artifact cache (C:\Users\taeyun\IdeaProjects\back4\gradle\caches\modules-2) requested by another process - releasing lock.
2025-01-01T17:47:26.246+0900 [DEBUG] [org.gradle.cache.internal.LockOnDemandCrossProcessCacheAccess] Releasing file lock for artifact cache (C:\Users\taeyun\IdeaProjects\back4\gradle\caches\modules-2)
2025-01-01T17:47:26.246+0900 [DEBUG] [org.gradle.cache.internal.DefaultFileLockManager] Releasing lock on artifact cache (C:\Users\taeyun\IdeaProjects\back4\gradle\caches\modules-2).
2025-01-01T17:47:26.246+0900 [DEBUG] [org.gradle.cache.internal.locklistener.FileLockCommunicator] Confirming lock release to Gradle process at port 62614 for lock with id -9032396206945974078.
2025-01-01T17:47:26.249+0900 [DEBUG] [org.gradle.cache.internal.locklistener.DefaultFileLockContentionHandler] Gradle process at port 62614 confirmed unlock request for lock with id -9032396206945974078.
2025-01-01T17:47:26.459+0900 [DEBUG] [org.gradle.cache.internal.DefaultFileLockManager] The file lock for daemon addresses registry is held by a different Gradle process. I was unable to read on which port the owner listens for lock access requests.
2025-01-01T17:47:26.463+0900 [DEBUG] [org.gradle.cache.internal.DefaultFileLockManager] Lock acquired on daemon addresses registry.
2025-01-01T17:47:26.468+0900 [DEBUG] [org.gradle.cache.internal.locklistener.DefaultFileLockContentionHandler] Gradle process at port 61620 confirmed unlock request for lock with id 6177473616057218012.
2025-01-01T17:47:26.469+0900 [DEBUG] [org.gradle.cache.internal.locklistener.DefaultFileLockContentionHandler] Gradle process at port 61620 confirmed unlock request for lock with id 6177473616057218012.
2025-01-01T17:47:26.477+0900 [DEBUG] [org.gradle.cache.internal.DefaultFileLockManager] Releasing lock on daemon addresses registry.
2025-01-01T17:47:26.484+0900 [DEBUG] [org.gradle.launcher.daemon.server.DaemonStateCoordinator] daemon is running. Sleeping until state changes.
2025-01-01T17:47:26.486+0900 [DEBUG] [org.gradle.launcher.daemon.server.exec.ReturnResult] Daemon is dispatching the build result: Success[value=org.gradle.launcher.exec.BuildActionResult@6f6a43d0]
2025-01-01T17:47:26.487+0900 [DEBUG] [org.gradle.launcher.daemon.server.SynchronizedDispatchConnection] thread 20: dispatching Success[value=org.gradle.launcher.exec.BuildActionResult@6f6a43d0]
2025-01-01T17:47:26.488+0900 [DEBUG] [org.gradle.launcher.daemon.server.SynchronizedDispatchConnection] thread 21: received class org.gradle.launcher.daemon.protocol.CloseInput
2025-01-01T17:47:26.489+0900 [DEBUG] [org.gradle.launcher.daemon.server.DefaultDaemonConnection] thread 21: Received IO message from client: org.gradle.launcher.daemon.protocol.CloseInput@218b7522
2025-01-01T17:47:26.489+0900 [DEBUG] [org.gradle.launcher.daemon.server.SynchronizedDispatchConnection] thread 21: received class org.gradle.launcher.daemon.protocol.Finished
2025-01-01T17:47:26.490+0900 [DEBUG] [org.gradle.launcher.daemon.server.DefaultDaemonConnection] thread 21: Received non-IO message from client: org.gradle.launcher.daemon.protocol.Finished@540dcddf
2025-01-01T17:47:26.491+0900 [DEBUG] [org.gradle.internal.remote.internal.inet.SocketConnection] Discarding EOFException: java.io.EOFException
2025-01-01T17:47:26.491+0900 [DEBUG] [org.gradle.launcher.daemon.server.SynchronizedDispatchConnection] thread 21: received null
2025-01-01T17:47:26.491+0900 [DEBUG] [org.gradle.launcher.daemon.server.DefaultDaemonConnection] thread 21: Received end-of-input from client.
2025-01-01T17:47:26.505+0900 [DEBUG] [org.gradle.launcher.daemon.server.DefaultIncomingConnectionHandler] Finishing executing command: Build{id=7b653867-a238-492a-af96-ee95e844cd69, currentDir=C:\Users\taeyun\IdeaProjects\back4}
2025-01-01T17:47:26.506+0900 [WARN] [org.gradle.launcher.daemon.server.DefaultIncomingConnectionHandler] Timed out waiting for finished message from client socket connection from /127.0.0.1:59421 to /127.0.0.1:59422. Discarding connection.
2025-01-01T17:47:26.506+0900 [DEBUG] [org.gradle.launcher.daemon.server.SynchronizedDispatchConnection] thread 20: stopping connection
2025-01-01T17:47:26.509+0900 [DEBUG] [org.gradle.launcher.daemon.server.SynchronizedDispatchConnection] thread 20: stopping connection
2025-01-01T17:47:26.530+0900 [DEBUG] [org.gradle.launcher.daemon.server.exec.CleanUpVirtualFileSystemAfterBuild] Cleaning virtual file system after build finished
2025-01-01T17:47:27.999+0900 [DEBUG] [org.gradle.cache.internal.DefaultFileLockManager] Waiting to acquire shared lock on daemon addresses registry.
2025-01-01T17:47:28.008+0900 [DEBUG] [org.gradle.cache.internal.DefaultFileLockManager] Lock acquired on daemon addresses registry.
2025-01-01T17:47:28.009+0900 [DEBUG] [org.gradle.cache.internal.DefaultFileLockManager] Releasing lock on daemon addresses registry.
2025-01-01T17:47:28.020+0900 [DEBUG] [org.gradle.cache.internal.DefaultFileLockManager] Waiting to acquire shared lock on daemon addresses registry.
2025-01-01T17:47:28.020+0900 [DEBUG] [org.gradle.cache.internal.DefaultFileLockManager] Lock acquired on daemon addresses registry.
2025-01-01T17:47:28.021+0900 [DEBUG] [org.gradle.cache.internal.DefaultFileLockManager] Releasing lock on daemon addresses registry.
2025-01-01T17:47:28.995+0900 [DEBUG] [org.gradle.process.internal.health.memory.DefaultMemoryManager] 850218188 physical memory requested, 486678528 free
2025-01-01T17:47:28.996+0900 [DEBUG] [org.gradle.workers.internal.WorkerDaemonExpiration] Will attempt to release 810 of memory
2025-01-01T17:47:28.996+0900 [DEBUG] [org.gradle.process.internal.health.memory.DefaultMemoryManager] 850218188 physical memory requested, 0 released, 486678528 free
2025-01-01T17:47:32.677+0900 [DEBUG] [org.gradle.internal.watch.registry.impl.DefaultFileWatcherProbeRegistry] Triggering watch probe for C:\Users\taeyun\IdeaProjects\back4
2025-01-01T17:47:32.707+0900 [DEBUG] [org.gradle.internal.watch.registry.impl.DefaultFileWatcherProbeRegistry] Triggering watch probe for C:\Users\taeyun\IdeaProjects\back4
2025-01-01T17:47:33.972+0900 [DEBUG] [org.gradle.process.internal.health.memory.DefaultMemoryManager] 850218188 physical memory requested, 430129152 free
2025-01-01T17:47:33.973+0900 [DEBUG] [org.gradle.workers.internal.WorkerDaemonExpiration] Will attempt to release 810 of memory
2025-01-01T17:47:33.973+0900 [DEBUG] [org.gradle.process.internal.health.memory.DefaultMemoryManager] 850218188 physical memory requested, 0 released, 430129152 free
2025-01-01T17:47:37.992+0900 [DEBUG] [org.gradle.cache.internal.DefaultFileLockManager] Waiting to acquire shared lock on daemon addresses registry.
2025-01-01T17:47:37.992+0900 [DEBUG] [org.gradle.cache.internal.DefaultFileLockManager] Lock acquired on daemon addresses registry.
2025-01-01T17:47:37.993+0900 [DEBUG] [org.gradle.cache.internal.DefaultFileLockManager] Releasing lock on daemon addresses registry.
2025-01-01T17:47:37.995+0900 [DEBUG] [org.gradle.cache.internal.DefaultFileLockManager] Waiting to acquire shared lock on daemon addresses registry.
2025-01-01T17:47:37.996+0900 [DEBUG] [org.gradle.cache.internal.DefaultFileLockManager] Lock acquired on daemon addresses registry.
2025-01-01T17:47:37.996+0900 [DEBUG] [org.gradle.cache.internal.DefaultFileLockManager] Releasing lock on daemon addresses registry.
2025-01-01T17:47:37.999+0900 [DEBUG] [org.gradle.cache.internal.DefaultFileLockManager] Waiting to acquire shared lock on daemon addresses registry.
2025-01-01T17:47:37.999+0900 [DEBUG] [org.gradle.cache.internal.DefaultFileLockManager] Lock acquired on daemon addresses registry.
2025-01-01T17:47:38.000+0900 [DEBUG] [org.gradle.cache.internal.DefaultFileLockManager] Releasing lock on daemon addresses registry.
2025-01-01T17:47:38.000+0900 [DEBUG] [org.gradle.launcher.daemon.server.health.LowMemoryDaemonExpirationStrategy] Nearing low physical memory threshold - OS memory {AvailableMemory[physical, total=8502181888, free=430129152], AvailableMemory[virtual, total=18702729216, free=4954107904]}
2025-01-01T17:47:38.002+0900 [DEBUG] [org.gradle.cache.internal.DefaultFileLockManager] Waiting to acquire shared lock on daemon addresses registry.
2025-01-01T17:47:38.002+0900 [DEBUG] [org.gradle.cache.internal.DefaultFileLockManager] Lock acquired on daemon addresses registry.
2025-01-01T17:47:38.003+0900 [DEBUG] [org.gradle.cache.internal.DefaultFileLockManager] Releasing lock on daemon addresses registry.
2025-01-01T17:47:38.004+0900 [DEBUG] [org.gradle.launcher.daemon.server.DaemonRegistryUpdater] Storing daemon stop event: other compatible daemons were started and after being idle for 0 minutes and not recently used
2025-01-01T17:47:38.004+0900 [DEBUG] [org.gradle.launcher.daemon.registry.PersistentDaemonRegistry] Storing daemon stop event with timestamp 1735721258005
2025-01-01T17:47:38.006+0900 [DEBUG] [org.gradle.cache.internal.DefaultFileLockManager] Waiting to acquire exclusive lock on daemon addresses registry.
2025-01-01T17:47:38.058+0900 [DEBUG] [org.gradle.cache.internal.DefaultFileLockManager] Lock acquired on daemon addresses registry.
2025-01-01T17:47:38.098+0900 [DEBUG] [org.gradle.cache.internal.DefaultFileLockManager] Releasing lock on daemon addresses registry.
2025-01-01T17:47:38.143+0900 [LIFECYCLE] [org.gradle.launcher.daemon.server.DaemonStateCoordinator] Daemon will be stopped at the end of the build other compatible daemons were started and after being idle for 0 minutes and not recently used
2025-01-01T17:47:38.143+0900 [DEBUG] [org.gradle.launcher.daemon.server.DaemonStateCoordinator] Marking daemon stopped due to other compatible daemons were started and after being idle for 0 minutes and not recently used. The daemon is not running a build
2025-01-01T17:47:38.144+0900 [DEBUG] [org.gradle.launcher.daemon.server.DaemonStateCoordinator] daemon has stopped.
2025-01-01T17:47:38.145+0900 [DEBUG] [org.gradle.launcher.daemon.server.Daemon] stop() called on daemon
2025-01-01T17:47:38.145+0900 [INFO] [org.gradle.launcher.daemon.server.Daemon] Stop requested. Daemon is removing its presence from the registry...
2025-01-01T17:47:38.146+0900 [DEBUG] [org.gradle.launcher.daemon.server.DaemonRegistryUpdater] Removing our presence to clients, eg. removing this address from the registry: [838761b0-1c4b-4a43-b8ef-bf2322fa3ff4 port:59421, addresses:[localhost/127.0.0.1]]
2025-01-01T17:47:38.146+0900 [DEBUG] [org.gradle.launcher.daemon.registry.PersistentDaemonRegistry] Removing daemon address: [838761b0-1c4b-4a43-b8ef-bf2322fa3ff4 port:59421, addresses:[localhost/127.0.0.1]]
2025-01-01T17:47:38.149+0900 [DEBUG] [org.gradle.cache.internal.DefaultFileLockManager] Waiting to acquire exclusive lock on daemon addresses registry.
2025-01-01T17:47:38.150+0900 [DEBUG] [org.gradle.cache.internal.DefaultFileLockManager] Lock acquired on daemon addresses registry.
2025-01-01T17:47:38.153+0900 [DEBUG] [org.gradle.cache.internal.DefaultFileLockManager] Releasing lock on daemon addresses registry.
2025-01-01T17:47:38.153+0900 [DEBUG] [org.gradle.launcher.daemon.server.DaemonRegistryUpdater] Address removed from registry.
2025-01-01T17:47:38.157+0900 [DEBUG] [org.gradle.cache.internal.DefaultCacheCleanupExecutor] jars (C:\Users\taeyun\IdeaProjects\back4\gradle\caches\jars-9) has last been fully cleaned up 1 hours ago
2025-01-01T17:47:38.158+0900 [DEBUG] [org.gradle.cache.internal.DefaultCacheCleanupExecutor] Skipping cleanup for jars (C:\Users\taeyun\IdeaProjects\back4\gradle\caches\jars-9) as it is not yet due
2025-01-01T17:47:38.158+0900 [DEBUG] [org.gradle.cache.internal.DefaultCacheCoordinator] Cache jars (C:\Users\taeyun\IdeaProjects\back4\gradle\caches\jars-9) was closed 3 times.
2025-01-01T17:47:38.158+0900 [DEBUG] [org.gradle.cache.internal.DefaultCacheCoordinator] Cache file content cache (C:\Users\taeyun\IdeaProjects\back4\gradle\caches\8.11.1\fileContent) was closed 2 times.
2025-01-01T17:47:38.158+0900 [DEBUG] [org.gradle.internal.watch.vfs.impl.WatchingVirtualFileSystem] Closing VFS, dropping state
2025-01-01T17:47:38.199+0900 [DEBUG] [org.gradle.internal.watch.registry.impl.DefaultFileWatcherRegistry] Finished listening to file system change events
2025-01-01T17:47:38.200+0900 [DEBUG] [org.gradle.cache.internal.DefaultCacheCoordinator] Cache Generated Gradle JARs cache (C:\Users\taeyun\IdeaProjects\back4\gradle\caches\8.11.1\generated-gradle-jars) was closed 0 times.
2025-01-01T17:47:38.201+0900 [DEBUG] [org.gradle.cache.internal.DefaultCacheCleanupExecutor] artifact cache (C:\Users\taeyun\IdeaProjects\back4\gradle\caches\modules-2) has last been fully cleaned up 1 hours ago
2025-01-01T17:47:38.201+0900 [DEBUG] [org.gradle.cache.internal.DefaultCacheCleanupExecutor] Skipping cleanup for artifact cache (C:\Users\taeyun\IdeaProjects\back4\gradle\caches\modules-2) as it is not yet due
2025-01-01T17:47:38.201+0900 [DEBUG] [org.gradle.cache.internal.DefaultCacheCoordinator] Cache artifact cache (C:\Users\taeyun\IdeaProjects\back4\gradle\caches\modules-2) was closed 16 times.
2025-01-01T17:47:38.202+0900 [DEBUG] [org.gradle.cache.internal.DefaultCacheCleanupExecutor] groovy-dsl (C:\Users\taeyun\IdeaProjects\back4\gradle\caches\8.11.1\groovy-dsl) has last been fully cleaned up 1 hours ago
2025-01-01T17:47:38.202+0900 [DEBUG] [org.gradle.cache.internal.DefaultCacheCleanupExecutor] Skipping cleanup for groovy-dsl (C:\Users\taeyun\IdeaProjects\back4\gradle\caches\8.11.1\groovy-dsl) as it is not yet due
2025-01-01T17:47:38.202+0900 [DEBUG] [org.gradle.cache.internal.DefaultCacheCoordinator] Cache groovy-dsl (C:\Users\taeyun\IdeaProjects\back4\gradle\caches\8.11.1\groovy-dsl) was closed 0 times.
2025-01-01T17:47:38.203+0900 [DEBUG] [org.gradle.cache.internal.DefaultCacheCleanupExecutor] Artifact transforms cache (C:\Users\taeyun\IdeaProjects\back4\gradle\caches\8.11.1\transforms) has last been fully cleaned up 1 hours ago
2025-01-01T17:47:38.203+0900 [DEBUG] [org.gradle.cache.internal.DefaultCacheCleanupExecutor] Skipping cleanup for Artifact transforms cache (C:\Users\taeyun\IdeaProjects\back4\gradle\caches\8.11.1\transforms) as it is not yet due
2025-01-01T17:47:38.203+0900 [DEBUG] [org.gradle.cache.internal.DefaultCacheCoordinator] Cache Artifact transforms cache (C:\Users\taeyun\IdeaProjects\back4\gradle\caches\8.11.1\transforms) was closed 0 times.
2025-01-01T17:47:38.212+0900 [DEBUG] [org.gradle.cache.internal.DefaultCacheCoordinator] Cache journal cache (C:\Users\taeyun\IdeaProjects\back4\gradle\caches\journal-1) was closed 11 times.
2025-01-01T17:47:38.216+0900 [DEBUG] [org.gradle.cache.internal.DefaultCacheCoordinator] Cache file hash cache (C:\Users\taeyun\IdeaProjects\back4\gradle\caches\8.11.1\fileHashes) was closed 5 times.
2025-01-01T17:47:38.231+0900 [DEBUG] [org.gradle.internal.operations.DefaultBuildOperationRunner] Build operation 'Deleting unused version-specific caches in C:\Users\taeyun\IdeaProjects\back4\gradle\caches' started
2025-01-01T17:47:38.232+0900 [DEBUG] [org.gradle.internal.operations.DefaultBuildOperationRunner] Completing Build operation 'Deleting unused version-specific caches in C:\Users\taeyun\IdeaProjects\back4\gradle\caches'
2025-01-01T17:47:38.235+0900 [DEBUG] [org.gradle.internal.operations.DefaultBuildOperationRunner] Build operation 'Deleting unused version-specific caches in C:\Users\taeyun\IdeaProjects\back4\gradle\caches' completed
2025-01-01T17:47:38.236+0900 [DEBUG] [org.gradle.launcher.daemon.server.Daemon] stop() called on daemon
2025-01-01T17:47:38.237+0900 [INFO] [org.gradle.launcher.daemon.server.Daemon] Stop requested. Daemon is removing its presence from the registry...
2025-01-01T17:47:38.237+0900 [DEBUG] [org.gradle.launcher.daemon.server.DaemonRegistryUpdater] Removing our presence to clients, eg. removing this address from the registry: [838761b0-1c4b-4a43-b8ef-bf2322fa3ff4 port:59421, addresses:[localhost/127.0.0.1]]
2025-01-01T17:47:38.237+0900 [DEBUG] [org.gradle.launcher.daemon.registry.PersistentDaemonRegistry] Removing daemon address: [838761b0-1c4b-4a43-b8ef-bf2322fa3ff4 port:59421, addresses:[localhost/127.0.0.1]]
2025-01-01T17:47:38.244+0900 [DEBUG] [org.gradle.cache.internal.DefaultFileLockManager] Waiting to acquire exclusive lock on daemon addresses registry.
2025-01-01T17:47:38.245+0900 [DEBUG] [org.gradle.cache.internal.DefaultFileLockManager] Lock acquired on daemon addresses registry.
2025-01-01T17:47:38.332+0900 [DEBUG] [org.gradle.cache.internal.DefaultFileLockManager] Releasing lock on daemon addresses registry.
2025-01-01T17:47:38.332+0900 [DEBUG] [org.gradle.launcher.daemon.server.DaemonRegistryUpdater] Address removed from registry.
2025-01-01T17:47:38.334+0900 [DEBUG] [org.gradle.cache.internal.locklistener.DefaultFileLockContentionHandler] File lock listener thread completed.
2025-01-01T17:47:38.378+0900 [DEBUG] [org.gradle.launcher.daemon.registry.PersistentDaemonRegistry] Removing daemon address: [838761b0-1c4b-4a43-b8ef-bf2322fa3ff4 port:59421, addresses:[localhost/127.0.0.1]]
2025-01-01T17:47:38.379+0900 [DEBUG] [org.gradle.launcher.daemon.server.Daemon] VM shutdown hook was unable to remove the daemon address from the registry. It will be cleaned up later.
java.lang.IllegalStateException: Cannot start managing file contention because this handler has been closed.
	at org.gradle.cache.internal.locklistener.DefaultFileLockContentionHandler.assertNotStopped(DefaultFileLockContentionHandler.java:217)
	at org.gradle.cache.internal.locklistener.DefaultFileLockContentionHandler.getCommunicator(DefaultFileLockContentionHandler.java:260)
	at org.gradle.cache.internal.locklistener.DefaultFileLockContentionHandler.reservePort(DefaultFileLockContentionHandler.java:254)
	at org.gradle.cache.internal.DefaultFileLockManager.lock(DefaultFileLockManager.java:124)
	at org.gradle.cache.internal.DefaultFileLockManager.lock(DefaultFileLockManager.java:106)
	at org.gradle.cache.internal.DefaultFileLockManager.lock(DefaultFileLockManager.java:101)
	at org.gradle.cache.internal.OnDemandFileAccess.updateFile(OnDemandFileAccess.java:51)
	at org.gradle.cache.internal.FileBackedObjectHolder.update(FileBackedObjectHolder.java:77)
	at org.gradle.cache.internal.FileIntegrityViolationSuppressingObjectHolderDecorator.lambda$update$0(FileIntegrityViolationSuppressingObjectHolderDecorator.java:48)
	at org.gradle.cache.internal.FileIntegrityViolationSuppressingObjectHolderDecorator.doUpdate(FileIntegrityViolationSuppressingObjectHolderDecorator.java:58)
	at org.gradle.cache.internal.FileIntegrityViolationSuppressingObjectHolderDecorator.update(FileIntegrityViolationSuppressingObjectHolderDecorator.java:48)
	at org.gradle.launcher.daemon.registry.PersistentDaemonRegistry.remove(PersistentDaemonRegistry.java:133)
	at org.gradle.launcher.daemon.server.Daemon$1.run(Daemon.java:133)
	at java.base/java.lang.Thread.run(Thread.java:842)
Daemon vm is shutting down... The daemon has exited normally or was terminated in response to a user interrupt.
